{"C:\\Users\\ACER\\Desktop\\Lox\\tslox\\src\\error\\LoxError.ts": {"path":"C:\\Users\\ACER\\Desktop\\Lox\\tslox\\src\\error\\LoxError.ts","all":false,"statementMap":{"0":{"start":{"line":1,"column":0},"end":{"line":1,"column":38}},"1":{"start":{"line":2,"column":0},"end":{"line":2,"column":0}},"2":{"start":{"line":3,"column":0},"end":{"line":3,"column":96}},"3":{"start":{"line":4,"column":0},"end":{"line":4,"column":0}},"4":{"start":{"line":5,"column":0},"end":{"line":5,"column":30}},"5":{"start":{"line":6,"column":0},"end":{"line":6,"column":16}},"6":{"start":{"line":7,"column":0},"end":{"line":7,"column":19}},"7":{"start":{"line":8,"column":0},"end":{"line":8,"column":0}},"8":{"start":{"line":9,"column":0},"end":{"line":9,"column":66}},"9":{"start":{"line":10,"column":0},"end":{"line":10,"column":23}},"10":{"start":{"line":11,"column":0},"end":{"line":11,"column":34}},"11":{"start":{"line":12,"column":0},"end":{"line":12,"column":88}},"12":{"start":{"line":13,"column":0},"end":{"line":13,"column":31}},"13":{"start":{"line":14,"column":0},"end":{"line":14,"column":32}},"14":{"start":{"line":15,"column":0},"end":{"line":15,"column":21}},"15":{"start":{"line":16,"column":0},"end":{"line":16,"column":26}},"16":{"start":{"line":17,"column":0},"end":{"line":17,"column":86}},"17":{"start":{"line":18,"column":0},"end":{"line":18,"column":31}},"18":{"start":{"line":19,"column":0},"end":{"line":19,"column":32}},"19":{"start":{"line":20,"column":0},"end":{"line":20,"column":21}},"20":{"start":{"line":21,"column":0},"end":{"line":21,"column":31}},"21":{"start":{"line":22,"column":0},"end":{"line":22,"column":85}},"22":{"start":{"line":23,"column":0},"end":{"line":23,"column":31}},"23":{"start":{"line":24,"column":0},"end":{"line":24,"column":32}},"24":{"start":{"line":25,"column":0},"end":{"line":25,"column":21}},"25":{"start":{"line":26,"column":0},"end":{"line":26,"column":39}},"26":{"start":{"line":27,"column":0},"end":{"line":27,"column":93}},"27":{"start":{"line":28,"column":0},"end":{"line":28,"column":31}},"28":{"start":{"line":29,"column":0},"end":{"line":29,"column":32}},"29":{"start":{"line":30,"column":0},"end":{"line":30,"column":21}},"30":{"start":{"line":31,"column":0},"end":{"line":31,"column":27}},"31":{"start":{"line":32,"column":0},"end":{"line":32,"column":87}},"32":{"start":{"line":33,"column":0},"end":{"line":33,"column":31}},"33":{"start":{"line":34,"column":0},"end":{"line":34,"column":32}},"34":{"start":{"line":35,"column":0},"end":{"line":35,"column":21}},"35":{"start":{"line":36,"column":0},"end":{"line":36,"column":20}},"36":{"start":{"line":37,"column":0},"end":{"line":37,"column":38}},"37":{"start":{"line":38,"column":0},"end":{"line":38,"column":31}},"38":{"start":{"line":39,"column":0},"end":{"line":39,"column":32}},"39":{"start":{"line":40,"column":0},"end":{"line":40,"column":9}},"40":{"start":{"line":41,"column":0},"end":{"line":41,"column":5}},"41":{"start":{"line":42,"column":0},"end":{"line":42,"column":1}},"42":{"start":{"line":43,"column":0},"end":{"line":43,"column":0}},"43":{"start":{"line":44,"column":0},"end":{"line":44,"column":57}},"44":{"start":{"line":45,"column":0},"end":{"line":45,"column":50}},"45":{"start":{"line":46,"column":0},"end":{"line":46,"column":1}},"46":{"start":{"line":47,"column":0},"end":{"line":47,"column":0}},"47":{"start":{"line":48,"column":0},"end":{"line":48,"column":23}}},"s":{"0":1,"1":1,"2":1,"3":1,"4":1,"5":1,"6":1,"7":1,"8":1,"9":5,"10":5,"11":0,"12":0,"13":0,"14":0,"15":5,"16":5,"17":5,"18":5,"19":5,"20":5,"21":0,"22":0,"23":0,"24":0,"25":5,"26":0,"27":0,"28":0,"29":0,"30":5,"31":0,"32":0,"33":0,"34":0,"35":5,"36":0,"37":0,"38":0,"39":5,"40":5,"41":1,"42":1,"43":0,"44":0,"45":0,"46":1,"47":1},"branchMap":{"0":{"type":"branch","line":9,"loc":{"start":{"line":9,"column":4},"end":{"line":41,"column":5}},"locations":[{"start":{"line":9,"column":4},"end":{"line":41,"column":5}}]},"1":{"type":"branch","line":11,"loc":{"start":{"line":11,"column":12},"end":{"line":15,"column":21}},"locations":[{"start":{"line":11,"column":12},"end":{"line":15,"column":21}}]},"2":{"type":"branch","line":17,"loc":{"start":{"line":17,"column":79},"end":{"line":17,"column":83}},"locations":[{"start":{"line":17,"column":79},"end":{"line":17,"column":83}}]},"3":{"type":"branch","line":21,"loc":{"start":{"line":21,"column":12},"end":{"line":25,"column":21}},"locations":[{"start":{"line":21,"column":12},"end":{"line":25,"column":21}}]},"4":{"type":"branch","line":26,"loc":{"start":{"line":26,"column":12},"end":{"line":30,"column":21}},"locations":[{"start":{"line":26,"column":12},"end":{"line":30,"column":21}}]},"5":{"type":"branch","line":31,"loc":{"start":{"line":31,"column":12},"end":{"line":35,"column":21}},"locations":[{"start":{"line":31,"column":12},"end":{"line":35,"column":21}}]},"6":{"type":"branch","line":36,"loc":{"start":{"line":36,"column":12},"end":{"line":39,"column":32}},"locations":[{"start":{"line":36,"column":12},"end":{"line":39,"column":32}}]}},"b":{"0":[5],"1":[0],"2":[0],"3":[0],"4":[0],"5":[0],"6":[0]},"fnMap":{"0":{"name":"LoxError","decl":{"start":{"line":9,"column":4},"end":{"line":41,"column":5}},"loc":{"start":{"line":9,"column":4},"end":{"line":41,"column":5}},"line":9},"1":{"name":"RuntimeError","decl":{"start":{"line":44,"column":0},"end":{"line":46,"column":1}},"loc":{"start":{"line":44,"column":0},"end":{"line":46,"column":1}},"line":44}},"f":{"0":5,"1":0}}
,"C:\\Users\\ACER\\Desktop\\Lox\\tslox\\src\\expression\\index.ts": {"path":"C:\\Users\\ACER\\Desktop\\Lox\\tslox\\src\\expression\\index.ts","all":false,"statementMap":{"0":{"start":{"line":1,"column":0},"end":{"line":1,"column":38}},"1":{"start":{"line":2,"column":0},"end":{"line":2,"column":31}},"2":{"start":{"line":3,"column":0},"end":{"line":3,"column":0}},"3":{"start":{"line":4,"column":0},"end":{"line":4,"column":44}},"4":{"start":{"line":5,"column":0},"end":{"line":5,"column":25}},"5":{"start":{"line":6,"column":0},"end":{"line":6,"column":16}},"6":{"start":{"line":7,"column":0},"end":{"line":7,"column":14}},"7":{"start":{"line":8,"column":0},"end":{"line":8,"column":50}},"8":{"start":{"line":9,"column":0},"end":{"line":9,"column":0}},"9":{"start":{"line":10,"column":0},"end":{"line":10,"column":43}},"10":{"start":{"line":11,"column":0},"end":{"line":11,"column":24}},"11":{"start":{"line":12,"column":0},"end":{"line":12,"column":20}},"12":{"start":{"line":13,"column":0},"end":{"line":13,"column":5}},"13":{"start":{"line":14,"column":0},"end":{"line":14,"column":1}},"14":{"start":{"line":15,"column":0},"end":{"line":15,"column":0}},"15":{"start":{"line":16,"column":0},"end":{"line":16,"column":33}},"16":{"start":{"line":17,"column":0},"end":{"line":17,"column":36}},"17":{"start":{"line":18,"column":0},"end":{"line":18,"column":34}},"18":{"start":{"line":19,"column":0},"end":{"line":19,"column":40}},"19":{"start":{"line":20,"column":0},"end":{"line":20,"column":38}},"20":{"start":{"line":21,"column":0},"end":{"line":21,"column":38}},"21":{"start":{"line":22,"column":0},"end":{"line":22,"column":44}},"22":{"start":{"line":23,"column":0},"end":{"line":23,"column":46}},"23":{"start":{"line":24,"column":0},"end":{"line":24,"column":50}},"24":{"start":{"line":25,"column":0},"end":{"line":25,"column":42}},"25":{"start":{"line":26,"column":0},"end":{"line":26,"column":1}},"26":{"start":{"line":27,"column":0},"end":{"line":27,"column":0}},"27":{"start":{"line":28,"column":0},"end":{"line":28,"column":59}},"28":{"start":{"line":29,"column":0},"end":{"line":29,"column":0}},"29":{"start":{"line":30,"column":0},"end":{"line":30,"column":34}},"30":{"start":{"line":31,"column":0},"end":{"line":31,"column":37}},"31":{"start":{"line":32,"column":0},"end":{"line":32,"column":14}},"32":{"start":{"line":33,"column":0},"end":{"line":33,"column":19}},"33":{"start":{"line":34,"column":0},"end":{"line":34,"column":15}},"34":{"start":{"line":35,"column":0},"end":{"line":35,"column":0}},"35":{"start":{"line":36,"column":0},"end":{"line":36,"column":85}},"36":{"start":{"line":37,"column":0},"end":{"line":37,"column":23}},"37":{"start":{"line":38,"column":0},"end":{"line":38,"column":24}},"38":{"start":{"line":39,"column":0},"end":{"line":39,"column":32}},"39":{"start":{"line":40,"column":0},"end":{"line":40,"column":26}},"40":{"start":{"line":41,"column":0},"end":{"line":41,"column":5}},"41":{"start":{"line":42,"column":0},"end":{"line":42,"column":0}},"42":{"start":{"line":43,"column":0},"end":{"line":43,"column":43}},"43":{"start":{"line":44,"column":0},"end":{"line":44,"column":44}},"44":{"start":{"line":45,"column":0},"end":{"line":45,"column":5}},"45":{"start":{"line":46,"column":0},"end":{"line":46,"column":1}},"46":{"start":{"line":47,"column":0},"end":{"line":47,"column":0}},"47":{"start":{"line":48,"column":0},"end":{"line":48,"column":35}},"48":{"start":{"line":49,"column":0},"end":{"line":49,"column":30}},"49":{"start":{"line":50,"column":0},"end":{"line":50,"column":19}},"50":{"start":{"line":51,"column":0},"end":{"line":51,"column":15}},"51":{"start":{"line":52,"column":0},"end":{"line":52,"column":16}},"52":{"start":{"line":53,"column":0},"end":{"line":53,"column":0}},"53":{"start":{"line":54,"column":0},"end":{"line":54,"column":87}},"54":{"start":{"line":55,"column":0},"end":{"line":55,"column":23}},"55":{"start":{"line":56,"column":0},"end":{"line":56,"column":34}},"56":{"start":{"line":57,"column":0},"end":{"line":57,"column":26}},"57":{"start":{"line":58,"column":0},"end":{"line":58,"column":28}},"58":{"start":{"line":59,"column":0},"end":{"line":59,"column":5}},"59":{"start":{"line":60,"column":0},"end":{"line":60,"column":0}},"60":{"start":{"line":61,"column":0},"end":{"line":61,"column":43}},"61":{"start":{"line":62,"column":0},"end":{"line":62,"column":51}},"62":{"start":{"line":63,"column":0},"end":{"line":63,"column":5}},"63":{"start":{"line":64,"column":0},"end":{"line":64,"column":1}},"64":{"start":{"line":65,"column":0},"end":{"line":65,"column":0}},"65":{"start":{"line":66,"column":0},"end":{"line":66,"column":33}},"66":{"start":{"line":67,"column":0},"end":{"line":67,"column":28}},"67":{"start":{"line":68,"column":0},"end":{"line":68,"column":19}},"68":{"start":{"line":69,"column":0},"end":{"line":69,"column":15}},"69":{"start":{"line":70,"column":0},"end":{"line":70,"column":0}},"70":{"start":{"line":71,"column":0},"end":{"line":71,"column":73}},"71":{"start":{"line":72,"column":0},"end":{"line":72,"column":23}},"72":{"start":{"line":73,"column":0},"end":{"line":73,"column":32}},"73":{"start":{"line":74,"column":0},"end":{"line":74,"column":26}},"74":{"start":{"line":75,"column":0},"end":{"line":75,"column":5}},"75":{"start":{"line":76,"column":0},"end":{"line":76,"column":0}},"76":{"start":{"line":77,"column":0},"end":{"line":77,"column":43}},"77":{"start":{"line":78,"column":0},"end":{"line":78,"column":43}},"78":{"start":{"line":79,"column":0},"end":{"line":79,"column":5}},"79":{"start":{"line":80,"column":0},"end":{"line":80,"column":1}},"80":{"start":{"line":81,"column":0},"end":{"line":81,"column":0}},"81":{"start":{"line":82,"column":0},"end":{"line":82,"column":36}},"82":{"start":{"line":83,"column":0},"end":{"line":83,"column":31}},"83":{"start":{"line":84,"column":0},"end":{"line":84,"column":20}},"84":{"start":{"line":85,"column":0},"end":{"line":85,"column":0}},"85":{"start":{"line":86,"column":0},"end":{"line":86,"column":61}},"86":{"start":{"line":87,"column":0},"end":{"line":87,"column":23}},"87":{"start":{"line":88,"column":0},"end":{"line":88,"column":36}},"88":{"start":{"line":89,"column":0},"end":{"line":89,"column":5}},"89":{"start":{"line":90,"column":0},"end":{"line":90,"column":0}},"90":{"start":{"line":91,"column":0},"end":{"line":91,"column":43}},"91":{"start":{"line":92,"column":0},"end":{"line":92,"column":46}},"92":{"start":{"line":93,"column":0},"end":{"line":93,"column":5}},"93":{"start":{"line":94,"column":0},"end":{"line":94,"column":1}},"94":{"start":{"line":95,"column":0},"end":{"line":95,"column":0}},"95":{"start":{"line":96,"column":0},"end":{"line":96,"column":35}},"96":{"start":{"line":97,"column":0},"end":{"line":97,"column":30}},"97":{"start":{"line":98,"column":0},"end":{"line":98,"column":23}},"98":{"start":{"line":99,"column":0},"end":{"line":99,"column":0}},"99":{"start":{"line":100,"column":0},"end":{"line":100,"column":64}},"100":{"start":{"line":101,"column":0},"end":{"line":101,"column":23}},"101":{"start":{"line":102,"column":0},"end":{"line":102,"column":26}},"102":{"start":{"line":103,"column":0},"end":{"line":103,"column":5}},"103":{"start":{"line":104,"column":0},"end":{"line":104,"column":0}},"104":{"start":{"line":105,"column":0},"end":{"line":105,"column":43}},"105":{"start":{"line":106,"column":0},"end":{"line":106,"column":45}},"106":{"start":{"line":107,"column":0},"end":{"line":107,"column":5}},"107":{"start":{"line":108,"column":0},"end":{"line":108,"column":1}},"108":{"start":{"line":109,"column":0},"end":{"line":109,"column":0}},"109":{"start":{"line":110,"column":0},"end":{"line":110,"column":35}},"110":{"start":{"line":111,"column":0},"end":{"line":111,"column":30}},"111":{"start":{"line":112,"column":0},"end":{"line":112,"column":14}},"112":{"start":{"line":113,"column":0},"end":{"line":113,"column":19}},"113":{"start":{"line":114,"column":0},"end":{"line":114,"column":15}},"114":{"start":{"line":115,"column":0},"end":{"line":115,"column":0}},"115":{"start":{"line":116,"column":0},"end":{"line":116,"column":85}},"116":{"start":{"line":117,"column":0},"end":{"line":117,"column":23}},"117":{"start":{"line":118,"column":0},"end":{"line":118,"column":24}},"118":{"start":{"line":119,"column":0},"end":{"line":119,"column":32}},"119":{"start":{"line":120,"column":0},"end":{"line":120,"column":26}},"120":{"start":{"line":121,"column":0},"end":{"line":121,"column":5}},"121":{"start":{"line":122,"column":0},"end":{"line":122,"column":0}},"122":{"start":{"line":123,"column":0},"end":{"line":123,"column":43}},"123":{"start":{"line":124,"column":0},"end":{"line":124,"column":45}},"124":{"start":{"line":125,"column":0},"end":{"line":125,"column":5}},"125":{"start":{"line":126,"column":0},"end":{"line":126,"column":1}},"126":{"start":{"line":127,"column":0},"end":{"line":127,"column":0}},"127":{"start":{"line":128,"column":0},"end":{"line":128,"column":36}},"128":{"start":{"line":129,"column":0},"end":{"line":129,"column":27}},"129":{"start":{"line":130,"column":0},"end":{"line":130,"column":16}},"130":{"start":{"line":131,"column":0},"end":{"line":131,"column":16}},"131":{"start":{"line":132,"column":0},"end":{"line":132,"column":19}},"132":{"start":{"line":133,"column":0},"end":{"line":133,"column":0}},"133":{"start":{"line":134,"column":0},"end":{"line":134,"column":88}},"134":{"start":{"line":135,"column":0},"end":{"line":135,"column":23}},"135":{"start":{"line":136,"column":0},"end":{"line":136,"column":28}},"136":{"start":{"line":137,"column":0},"end":{"line":137,"column":24}},"137":{"start":{"line":138,"column":0},"end":{"line":138,"column":32}},"138":{"start":{"line":139,"column":0},"end":{"line":139,"column":5}},"139":{"start":{"line":140,"column":0},"end":{"line":140,"column":0}},"140":{"start":{"line":141,"column":0},"end":{"line":141,"column":43}},"141":{"start":{"line":142,"column":0},"end":{"line":142,"column":48}},"142":{"start":{"line":143,"column":0},"end":{"line":143,"column":5}},"143":{"start":{"line":144,"column":0},"end":{"line":144,"column":1}},"144":{"start":{"line":145,"column":0},"end":{"line":145,"column":0}},"145":{"start":{"line":146,"column":0},"end":{"line":146,"column":36}},"146":{"start":{"line":147,"column":0},"end":{"line":147,"column":31}},"147":{"start":{"line":148,"column":0},"end":{"line":148,"column":15}},"148":{"start":{"line":149,"column":0},"end":{"line":149,"column":0}},"149":{"start":{"line":150,"column":0},"end":{"line":150,"column":56}},"150":{"start":{"line":151,"column":0},"end":{"line":151,"column":23}},"151":{"start":{"line":152,"column":0},"end":{"line":152,"column":24}},"152":{"start":{"line":153,"column":0},"end":{"line":153,"column":5}},"153":{"start":{"line":154,"column":0},"end":{"line":154,"column":43}},"154":{"start":{"line":155,"column":0},"end":{"line":155,"column":52}},"155":{"start":{"line":156,"column":0},"end":{"line":156,"column":5}},"156":{"start":{"line":157,"column":0},"end":{"line":157,"column":1}},"157":{"start":{"line":158,"column":0},"end":{"line":158,"column":0}},"158":{"start":{"line":159,"column":0},"end":{"line":159,"column":38}},"159":{"start":{"line":160,"column":0},"end":{"line":160,"column":33}},"160":{"start":{"line":161,"column":0},"end":{"line":161,"column":15}},"161":{"start":{"line":162,"column":0},"end":{"line":162,"column":15}},"162":{"start":{"line":163,"column":0},"end":{"line":163,"column":0}},"163":{"start":{"line":164,"column":0},"end":{"line":164,"column":69}},"164":{"start":{"line":165,"column":0},"end":{"line":165,"column":23}},"165":{"start":{"line":166,"column":0},"end":{"line":166,"column":24}},"166":{"start":{"line":167,"column":0},"end":{"line":167,"column":26}},"167":{"start":{"line":168,"column":0},"end":{"line":168,"column":5}},"168":{"start":{"line":169,"column":0},"end":{"line":169,"column":0}},"169":{"start":{"line":170,"column":0},"end":{"line":170,"column":43}},"170":{"start":{"line":171,"column":0},"end":{"line":171,"column":54}},"171":{"start":{"line":172,"column":0},"end":{"line":172,"column":5}},"172":{"start":{"line":173,"column":0},"end":{"line":173,"column":1}}},"s":{"0":1,"1":1,"2":1,"3":1,"4":1,"5":1,"6":1,"7":1,"8":1,"9":1,"10":39,"11":39,"12":39,"13":1,"14":1,"15":1,"16":1,"17":1,"18":1,"19":1,"20":1,"21":1,"22":1,"23":1,"24":1,"25":1,"26":1,"27":1,"28":1,"29":1,"30":1,"31":1,"32":1,"33":1,"34":1,"35":1,"36":2,"37":2,"38":2,"39":2,"40":2,"41":1,"42":1,"43":0,"44":0,"45":1,"46":1,"47":1,"48":1,"49":1,"50":1,"51":1,"52":1,"53":1,"54":1,"55":1,"56":1,"57":1,"58":1,"59":1,"60":1,"61":0,"62":0,"63":1,"64":1,"65":1,"66":1,"67":1,"68":1,"69":1,"70":1,"71":0,"72":0,"73":0,"74":0,"75":1,"76":1,"77":0,"78":0,"79":1,"80":1,"81":1,"82":1,"83":1,"84":1,"85":1,"86":0,"87":0,"88":0,"89":1,"90":1,"91":0,"92":0,"93":1,"94":1,"95":1,"96":1,"97":1,"98":1,"99":1,"100":13,"101":13,"102":13,"103":1,"104":1,"105":0,"106":0,"107":1,"108":1,"109":1,"110":1,"111":1,"112":1,"113":1,"114":1,"115":1,"116":0,"117":0,"118":0,"119":0,"120":0,"121":1,"122":1,"123":0,"124":0,"125":1,"126":1,"127":1,"128":1,"129":1,"130":1,"131":1,"132":1,"133":1,"134":1,"135":1,"136":1,"137":1,"138":1,"139":1,"140":1,"141":0,"142":0,"143":1,"144":1,"145":1,"146":1,"147":1,"148":1,"149":1,"150":18,"151":18,"152":18,"153":1,"154":0,"155":0,"156":1,"157":1,"158":1,"159":1,"160":1,"161":1,"162":1,"163":1,"164":4,"165":4,"166":4,"167":4,"168":1,"169":1,"170":0,"171":0,"172":1},"branchMap":{"0":{"type":"branch","line":10,"loc":{"start":{"line":10,"column":4},"end":{"line":13,"column":5}},"locations":[{"start":{"line":10,"column":4},"end":{"line":13,"column":5}}]},"1":{"type":"branch","line":36,"loc":{"start":{"line":36,"column":4},"end":{"line":41,"column":5}},"locations":[{"start":{"line":36,"column":4},"end":{"line":41,"column":5}}]},"2":{"type":"branch","line":54,"loc":{"start":{"line":54,"column":4},"end":{"line":59,"column":5}},"locations":[{"start":{"line":54,"column":4},"end":{"line":59,"column":5}}]},"3":{"type":"branch","line":100,"loc":{"start":{"line":100,"column":4},"end":{"line":103,"column":5}},"locations":[{"start":{"line":100,"column":4},"end":{"line":103,"column":5}}]},"4":{"type":"branch","line":134,"loc":{"start":{"line":134,"column":4},"end":{"line":139,"column":5}},"locations":[{"start":{"line":134,"column":4},"end":{"line":139,"column":5}}]},"5":{"type":"branch","line":150,"loc":{"start":{"line":150,"column":4},"end":{"line":153,"column":5}},"locations":[{"start":{"line":150,"column":4},"end":{"line":153,"column":5}}]},"6":{"type":"branch","line":164,"loc":{"start":{"line":164,"column":4},"end":{"line":168,"column":5}},"locations":[{"start":{"line":164,"column":4},"end":{"line":168,"column":5}}]}},"b":{"0":[39],"1":[2],"2":[1],"3":[13],"4":[1],"5":[18],"6":[4]},"fnMap":{"0":{"name":"Expr","decl":{"start":{"line":10,"column":4},"end":{"line":13,"column":5}},"loc":{"start":{"line":10,"column":4},"end":{"line":13,"column":5}},"line":10},"1":{"name":"Binary","decl":{"start":{"line":36,"column":4},"end":{"line":41,"column":5}},"loc":{"start":{"line":36,"column":4},"end":{"line":41,"column":5}},"line":36},"2":{"name":"accept","decl":{"start":{"line":43,"column":4},"end":{"line":45,"column":5}},"loc":{"start":{"line":43,"column":4},"end":{"line":45,"column":5}},"line":43},"3":{"name":"Ternary","decl":{"start":{"line":54,"column":4},"end":{"line":59,"column":5}},"loc":{"start":{"line":54,"column":4},"end":{"line":59,"column":5}},"line":54},"4":{"name":"accept","decl":{"start":{"line":61,"column":4},"end":{"line":63,"column":5}},"loc":{"start":{"line":61,"column":4},"end":{"line":63,"column":5}},"line":61},"5":{"name":"Unary","decl":{"start":{"line":71,"column":4},"end":{"line":75,"column":5}},"loc":{"start":{"line":71,"column":4},"end":{"line":75,"column":5}},"line":71},"6":{"name":"accept","decl":{"start":{"line":77,"column":4},"end":{"line":79,"column":5}},"loc":{"start":{"line":77,"column":4},"end":{"line":79,"column":5}},"line":77},"7":{"name":"Grouping","decl":{"start":{"line":86,"column":4},"end":{"line":89,"column":5}},"loc":{"start":{"line":86,"column":4},"end":{"line":89,"column":5}},"line":86},"8":{"name":"accept","decl":{"start":{"line":91,"column":4},"end":{"line":93,"column":5}},"loc":{"start":{"line":91,"column":4},"end":{"line":93,"column":5}},"line":91},"9":{"name":"Literal","decl":{"start":{"line":100,"column":4},"end":{"line":103,"column":5}},"loc":{"start":{"line":100,"column":4},"end":{"line":103,"column":5}},"line":100},"10":{"name":"accept","decl":{"start":{"line":105,"column":4},"end":{"line":107,"column":5}},"loc":{"start":{"line":105,"column":4},"end":{"line":107,"column":5}},"line":105},"11":{"name":"Logical","decl":{"start":{"line":116,"column":4},"end":{"line":121,"column":5}},"loc":{"start":{"line":116,"column":4},"end":{"line":121,"column":5}},"line":116},"12":{"name":"accept","decl":{"start":{"line":123,"column":4},"end":{"line":125,"column":5}},"loc":{"start":{"line":123,"column":4},"end":{"line":125,"column":5}},"line":123},"13":{"name":"CallExpr","decl":{"start":{"line":134,"column":4},"end":{"line":139,"column":5}},"loc":{"start":{"line":134,"column":4},"end":{"line":139,"column":5}},"line":134},"14":{"name":"accept","decl":{"start":{"line":141,"column":4},"end":{"line":143,"column":5}},"loc":{"start":{"line":141,"column":4},"end":{"line":143,"column":5}},"line":141},"15":{"name":"variable","decl":{"start":{"line":150,"column":4},"end":{"line":153,"column":5}},"loc":{"start":{"line":150,"column":4},"end":{"line":153,"column":5}},"line":150},"16":{"name":"accept","decl":{"start":{"line":154,"column":4},"end":{"line":156,"column":5}},"loc":{"start":{"line":154,"column":4},"end":{"line":156,"column":5}},"line":154},"17":{"name":"Assignment","decl":{"start":{"line":164,"column":4},"end":{"line":168,"column":5}},"loc":{"start":{"line":164,"column":4},"end":{"line":168,"column":5}},"line":164},"18":{"name":"accept","decl":{"start":{"line":170,"column":4},"end":{"line":172,"column":5}},"loc":{"start":{"line":170,"column":4},"end":{"line":172,"column":5}},"line":170}},"f":{"0":39,"1":2,"2":0,"3":1,"4":0,"5":0,"6":0,"7":0,"8":0,"9":13,"10":0,"11":0,"12":0,"13":1,"14":0,"15":18,"16":0,"17":4,"18":0}}
,"C:\\Users\\ACER\\Desktop\\Lox\\tslox\\src\\parser\\index.ts": {"path":"C:\\Users\\ACER\\Desktop\\Lox\\tslox\\src\\parser\\index.ts","all":false,"statementMap":{"0":{"start":{"line":1,"column":0},"end":{"line":1,"column":40}},"1":{"start":{"line":2,"column":0},"end":{"line":2,"column":38}},"2":{"start":{"line":3,"column":0},"end":{"line":3,"column":46}},"3":{"start":{"line":4,"column":0},"end":{"line":4,"column":120}},"4":{"start":{"line":5,"column":0},"end":{"line":5,"column":8}},"5":{"start":{"line":6,"column":0},"end":{"line":6,"column":14}},"6":{"start":{"line":7,"column":0},"end":{"line":7,"column":19}},"7":{"start":{"line":8,"column":0},"end":{"line":8,"column":17}},"8":{"start":{"line":9,"column":0},"end":{"line":9,"column":11}},"9":{"start":{"line":10,"column":0},"end":{"line":10,"column":14}},"10":{"start":{"line":11,"column":0},"end":{"line":11,"column":15}},"11":{"start":{"line":12,"column":0},"end":{"line":12,"column":9}},"12":{"start":{"line":13,"column":0},"end":{"line":13,"column":12}},"13":{"start":{"line":14,"column":0},"end":{"line":14,"column":14}},"14":{"start":{"line":15,"column":0},"end":{"line":15,"column":21}},"15":{"start":{"line":16,"column":0},"end":{"line":16,"column":0}},"16":{"start":{"line":17,"column":0},"end":{"line":17,"column":67}},"17":{"start":{"line":18,"column":0},"end":{"line":18,"column":36}},"18":{"start":{"line":19,"column":0},"end":{"line":19,"column":0}},"19":{"start":{"line":20,"column":0},"end":{"line":20,"column":29}},"20":{"start":{"line":21,"column":0},"end":{"line":21,"column":36}},"21":{"start":{"line":22,"column":0},"end":{"line":22,"column":30}},"22":{"start":{"line":23,"column":0},"end":{"line":23,"column":28}},"23":{"start":{"line":24,"column":0},"end":{"line":24,"column":27}},"24":{"start":{"line":25,"column":0},"end":{"line":25,"column":0}},"25":{"start":{"line":26,"column":0},"end":{"line":26,"column":34}},"26":{"start":{"line":27,"column":0},"end":{"line":27,"column":28}},"27":{"start":{"line":28,"column":0},"end":{"line":28,"column":5}},"28":{"start":{"line":29,"column":0},"end":{"line":29,"column":0}},"29":{"start":{"line":30,"column":0},"end":{"line":30,"column":28}},"30":{"start":{"line":31,"column":0},"end":{"line":31,"column":37}},"31":{"start":{"line":32,"column":0},"end":{"line":32,"column":33}},"32":{"start":{"line":33,"column":0},"end":{"line":33,"column":17}},"33":{"start":{"line":34,"column":0},"end":{"line":34,"column":51}},"34":{"start":{"line":35,"column":0},"end":{"line":35,"column":25}},"35":{"start":{"line":36,"column":0},"end":{"line":36,"column":44}},"36":{"start":{"line":37,"column":0},"end":{"line":37,"column":40}},"37":{"start":{"line":38,"column":0},"end":{"line":38,"column":42}},"38":{"start":{"line":39,"column":0},"end":{"line":39,"column":39}},"39":{"start":{"line":40,"column":0},"end":{"line":40,"column":38}},"40":{"start":{"line":41,"column":0},"end":{"line":41,"column":30}},"41":{"start":{"line":42,"column":0},"end":{"line":42,"column":13}},"42":{"start":{"line":43,"column":0},"end":{"line":43,"column":9}},"43":{"start":{"line":44,"column":0},"end":{"line":44,"column":38}},"44":{"start":{"line":45,"column":0},"end":{"line":45,"column":25}},"45":{"start":{"line":46,"column":0},"end":{"line":46,"column":5}},"46":{"start":{"line":47,"column":0},"end":{"line":47,"column":0}},"47":{"start":{"line":48,"column":0},"end":{"line":48,"column":32}},"48":{"start":{"line":49,"column":0},"end":{"line":49,"column":32}},"49":{"start":{"line":50,"column":0},"end":{"line":50,"column":5}},"50":{"start":{"line":51,"column":0},"end":{"line":51,"column":0}},"51":{"start":{"line":52,"column":0},"end":{"line":52,"column":7}},"52":{"start":{"line":53,"column":0},"end":{"line":53,"column":81}},"53":{"start":{"line":54,"column":0},"end":{"line":54,"column":92}},"54":{"start":{"line":55,"column":0},"end":{"line":55,"column":40}},"55":{"start":{"line":56,"column":0},"end":{"line":56,"column":7}},"56":{"start":{"line":57,"column":0},"end":{"line":57,"column":103}},"57":{"start":{"line":58,"column":0},"end":{"line":58,"column":70}},"58":{"start":{"line":59,"column":0},"end":{"line":59,"column":84}},"59":{"start":{"line":60,"column":0},"end":{"line":60,"column":33}},"60":{"start":{"line":61,"column":0},"end":{"line":61,"column":78}},"61":{"start":{"line":62,"column":0},"end":{"line":62,"column":67}},"62":{"start":{"line":63,"column":0},"end":{"line":63,"column":31}},"63":{"start":{"line":64,"column":0},"end":{"line":64,"column":5}},"64":{"start":{"line":65,"column":0},"end":{"line":65,"column":0}},"65":{"start":{"line":66,"column":0},"end":{"line":66,"column":7}},"66":{"start":{"line":67,"column":0},"end":{"line":67,"column":23}},"67":{"start":{"line":68,"column":0},"end":{"line":68,"column":20}},"68":{"start":{"line":69,"column":0},"end":{"line":69,"column":7}},"69":{"start":{"line":70,"column":0},"end":{"line":70,"column":25}},"70":{"start":{"line":71,"column":0},"end":{"line":71,"column":64}},"71":{"start":{"line":72,"column":0},"end":{"line":72,"column":60}},"72":{"start":{"line":73,"column":0},"end":{"line":73,"column":63}},"73":{"start":{"line":74,"column":0},"end":{"line":74,"column":66}},"74":{"start":{"line":75,"column":0},"end":{"line":75,"column":69}},"75":{"start":{"line":76,"column":0},"end":{"line":76,"column":74}},"76":{"start":{"line":77,"column":0},"end":{"line":77,"column":41}},"77":{"start":{"line":78,"column":0},"end":{"line":78,"column":5}},"78":{"start":{"line":79,"column":0},"end":{"line":79,"column":0}},"79":{"start":{"line":80,"column":0},"end":{"line":80,"column":7}},"80":{"start":{"line":81,"column":0},"end":{"line":81,"column":6}},"81":{"start":{"line":82,"column":0},"end":{"line":82,"column":40}},"82":{"start":{"line":83,"column":0},"end":{"line":83,"column":7}},"83":{"start":{"line":84,"column":0},"end":{"line":84,"column":58}},"84":{"start":{"line":85,"column":0},"end":{"line":85,"column":41}},"85":{"start":{"line":86,"column":0},"end":{"line":86,"column":81}},"86":{"start":{"line":87,"column":0},"end":{"line":87,"column":38}},"87":{"start":{"line":88,"column":0},"end":{"line":88,"column":78}},"88":{"start":{"line":89,"column":0},"end":{"line":89,"column":49}},"89":{"start":{"line":90,"column":0},"end":{"line":90,"column":91}},"90":{"start":{"line":91,"column":0},"end":{"line":91,"column":49}},"91":{"start":{"line":92,"column":0},"end":{"line":92,"column":46}},"92":{"start":{"line":93,"column":0},"end":{"line":93,"column":106}},"93":{"start":{"line":94,"column":0},"end":{"line":94,"column":95}},"94":{"start":{"line":95,"column":0},"end":{"line":95,"column":13}},"95":{"start":{"line":96,"column":0},"end":{"line":96,"column":9}},"96":{"start":{"line":97,"column":0},"end":{"line":97,"column":77}},"97":{"start":{"line":98,"column":0},"end":{"line":98,"column":79}},"98":{"start":{"line":99,"column":0},"end":{"line":99,"column":33}},"99":{"start":{"line":100,"column":0},"end":{"line":100,"column":88}},"100":{"start":{"line":101,"column":0},"end":{"line":101,"column":64}},"101":{"start":{"line":102,"column":0},"end":{"line":102,"column":81}},"102":{"start":{"line":103,"column":0},"end":{"line":103,"column":5}},"103":{"start":{"line":104,"column":0},"end":{"line":104,"column":0}},"104":{"start":{"line":105,"column":0},"end":{"line":105,"column":38}},"105":{"start":{"line":106,"column":0},"end":{"line":106,"column":41}},"106":{"start":{"line":107,"column":0},"end":{"line":107,"column":37}},"107":{"start":{"line":108,"column":0},"end":{"line":108,"column":24}},"108":{"start":{"line":109,"column":0},"end":{"line":109,"column":47}},"109":{"start":{"line":110,"column":0},"end":{"line":110,"column":37}},"110":{"start":{"line":111,"column":0},"end":{"line":111,"column":9}},"111":{"start":{"line":112,"column":0},"end":{"line":112,"column":78}},"112":{"start":{"line":113,"column":0},"end":{"line":113,"column":69}},"113":{"start":{"line":114,"column":0},"end":{"line":114,"column":5}},"114":{"start":{"line":115,"column":0},"end":{"line":115,"column":0}},"115":{"start":{"line":116,"column":0},"end":{"line":116,"column":30}},"116":{"start":{"line":117,"column":0},"end":{"line":117,"column":41}},"117":{"start":{"line":118,"column":0},"end":{"line":118,"column":80}},"118":{"start":{"line":119,"column":0},"end":{"line":119,"column":43}},"119":{"start":{"line":120,"column":0},"end":{"line":120,"column":42}},"120":{"start":{"line":121,"column":0},"end":{"line":121,"column":43}},"121":{"start":{"line":122,"column":0},"end":{"line":122,"column":9}},"122":{"start":{"line":123,"column":0},"end":{"line":123,"column":97}},"123":{"start":{"line":124,"column":0},"end":{"line":124,"column":60}},"124":{"start":{"line":125,"column":0},"end":{"line":125,"column":5}},"125":{"start":{"line":126,"column":0},"end":{"line":126,"column":0}},"126":{"start":{"line":127,"column":0},"end":{"line":127,"column":7}},"127":{"start":{"line":128,"column":0},"end":{"line":128,"column":23}},"128":{"start":{"line":129,"column":0},"end":{"line":129,"column":7}},"129":{"start":{"line":130,"column":0},"end":{"line":130,"column":31}},"130":{"start":{"line":131,"column":0},"end":{"line":131,"column":41}},"131":{"start":{"line":132,"column":0},"end":{"line":132,"column":70}},"132":{"start":{"line":133,"column":0},"end":{"line":133,"column":49}},"133":{"start":{"line":134,"column":0},"end":{"line":134,"column":80}},"134":{"start":{"line":135,"column":0},"end":{"line":135,"column":37}},"135":{"start":{"line":136,"column":0},"end":{"line":136,"column":71}},"136":{"start":{"line":137,"column":0},"end":{"line":137,"column":5}},"137":{"start":{"line":138,"column":0},"end":{"line":138,"column":0}},"138":{"start":{"line":139,"column":0},"end":{"line":139,"column":7}},"139":{"start":{"line":140,"column":0},"end":{"line":140,"column":21}},"140":{"start":{"line":141,"column":0},"end":{"line":141,"column":7}},"141":{"start":{"line":142,"column":0},"end":{"line":142,"column":29}},"142":{"start":{"line":143,"column":0},"end":{"line":143,"column":41}},"143":{"start":{"line":144,"column":0},"end":{"line":144,"column":68}},"144":{"start":{"line":145,"column":0},"end":{"line":145,"column":43}},"145":{"start":{"line":146,"column":0},"end":{"line":146,"column":41}},"146":{"start":{"line":147,"column":0},"end":{"line":147,"column":43}},"147":{"start":{"line":148,"column":0},"end":{"line":148,"column":0}},"148":{"start":{"line":149,"column":0},"end":{"line":149,"column":46}},"149":{"start":{"line":150,"column":0},"end":{"line":150,"column":16}},"150":{"start":{"line":151,"column":0},"end":{"line":151,"column":78}},"151":{"start":{"line":152,"column":0},"end":{"line":152,"column":57}},"152":{"start":{"line":153,"column":0},"end":{"line":153,"column":9}},"153":{"start":{"line":154,"column":0},"end":{"line":154,"column":47}},"154":{"start":{"line":155,"column":0},"end":{"line":155,"column":41}},"155":{"start":{"line":156,"column":0},"end":{"line":156,"column":9}},"156":{"start":{"line":157,"column":0},"end":{"line":157,"column":76}},"157":{"start":{"line":158,"column":0},"end":{"line":158,"column":49}},"158":{"start":{"line":159,"column":0},"end":{"line":159,"column":43}},"159":{"start":{"line":160,"column":0},"end":{"line":160,"column":9}},"160":{"start":{"line":161,"column":0},"end":{"line":161,"column":71}},"161":{"start":{"line":162,"column":0},"end":{"line":162,"column":35}},"162":{"start":{"line":163,"column":0},"end":{"line":163,"column":24}},"163":{"start":{"line":164,"column":0},"end":{"line":164,"column":33}},"164":{"start":{"line":165,"column":0},"end":{"line":165,"column":90}},"165":{"start":{"line":166,"column":0},"end":{"line":166,"column":26}},"166":{"start":{"line":167,"column":0},"end":{"line":167,"column":30}},"167":{"start":{"line":168,"column":0},"end":{"line":168,"column":13}},"168":{"start":{"line":169,"column":0},"end":{"line":169,"column":73}},"169":{"start":{"line":170,"column":0},"end":{"line":170,"column":29}},"170":{"start":{"line":171,"column":0},"end":{"line":171,"column":98}},"171":{"start":{"line":172,"column":0},"end":{"line":172,"column":17}},"172":{"start":{"line":173,"column":0},"end":{"line":173,"column":17}},"173":{"start":{"line":174,"column":0},"end":{"line":174,"column":19}},"174":{"start":{"line":175,"column":0},"end":{"line":175,"column":9}},"175":{"start":{"line":176,"column":0},"end":{"line":176,"column":81}},"176":{"start":{"line":177,"column":0},"end":{"line":177,"column":19}},"177":{"start":{"line":178,"column":0},"end":{"line":178,"column":5}},"178":{"start":{"line":179,"column":0},"end":{"line":179,"column":0}},"179":{"start":{"line":180,"column":0},"end":{"line":180,"column":7}},"180":{"start":{"line":181,"column":0},"end":{"line":181,"column":28}},"181":{"start":{"line":182,"column":0},"end":{"line":182,"column":7}},"182":{"start":{"line":183,"column":0},"end":{"line":183,"column":36}},"183":{"start":{"line":184,"column":0},"end":{"line":184,"column":41}},"184":{"start":{"line":185,"column":0},"end":{"line":185,"column":34}},"185":{"start":{"line":186,"column":0},"end":{"line":186,"column":61}},"186":{"start":{"line":187,"column":0},"end":{"line":187,"column":5}},"187":{"start":{"line":188,"column":0},"end":{"line":188,"column":0}},"188":{"start":{"line":189,"column":0},"end":{"line":189,"column":29}},"189":{"start":{"line":190,"column":0},"end":{"line":190,"column":37}},"190":{"start":{"line":191,"column":0},"end":{"line":191,"column":71}},"191":{"start":{"line":192,"column":0},"end":{"line":192,"column":47}},"192":{"start":{"line":193,"column":0},"end":{"line":193,"column":9}},"193":{"start":{"line":194,"column":0},"end":{"line":194,"column":69}},"194":{"start":{"line":195,"column":0},"end":{"line":195,"column":25}},"195":{"start":{"line":196,"column":0},"end":{"line":196,"column":5}},"196":{"start":{"line":197,"column":0},"end":{"line":197,"column":0}},"197":{"start":{"line":198,"column":0},"end":{"line":198,"column":7}},"198":{"start":{"line":199,"column":0},"end":{"line":199,"column":26}},"199":{"start":{"line":200,"column":0},"end":{"line":200,"column":7}},"200":{"start":{"line":201,"column":0},"end":{"line":201,"column":33}},"201":{"start":{"line":202,"column":0},"end":{"line":202,"column":41}},"202":{"start":{"line":203,"column":0},"end":{"line":203,"column":70}},"203":{"start":{"line":204,"column":0},"end":{"line":204,"column":43}},"204":{"start":{"line":205,"column":0},"end":{"line":205,"column":79}},"205":{"start":{"line":206,"column":0},"end":{"line":206,"column":43}},"206":{"start":{"line":207,"column":0},"end":{"line":207,"column":42}},"207":{"start":{"line":208,"column":0},"end":{"line":208,"column":69}},"208":{"start":{"line":209,"column":0},"end":{"line":209,"column":86}},"209":{"start":{"line":210,"column":0},"end":{"line":210,"column":5}},"210":{"start":{"line":211,"column":0},"end":{"line":211,"column":0}},"211":{"start":{"line":212,"column":0},"end":{"line":212,"column":7}},"212":{"start":{"line":213,"column":0},"end":{"line":213,"column":28}},"213":{"start":{"line":214,"column":0},"end":{"line":214,"column":25}},"214":{"start":{"line":215,"column":0},"end":{"line":215,"column":7}},"215":{"start":{"line":216,"column":0},"end":{"line":216,"column":36}},"216":{"start":{"line":217,"column":0},"end":{"line":217,"column":41}},"217":{"start":{"line":218,"column":0},"end":{"line":218,"column":50}},"218":{"start":{"line":219,"column":0},"end":{"line":219,"column":69}},"219":{"start":{"line":220,"column":0},"end":{"line":220,"column":66}},"220":{"start":{"line":221,"column":0},"end":{"line":221,"column":5}},"221":{"start":{"line":222,"column":0},"end":{"line":222,"column":0}},"222":{"start":{"line":223,"column":0},"end":{"line":223,"column":7}},"223":{"start":{"line":224,"column":0},"end":{"line":224,"column":33}},"224":{"start":{"line":225,"column":0},"end":{"line":225,"column":30}},"225":{"start":{"line":226,"column":0},"end":{"line":226,"column":7}},"226":{"start":{"line":227,"column":0},"end":{"line":227,"column":51}},"227":{"start":{"line":228,"column":0},"end":{"line":228,"column":50}},"228":{"start":{"line":229,"column":0},"end":{"line":229,"column":86}},"229":{"start":{"line":230,"column":0},"end":{"line":230,"column":71}},"230":{"start":{"line":231,"column":0},"end":{"line":231,"column":5}},"231":{"start":{"line":232,"column":0},"end":{"line":232,"column":0}},"232":{"start":{"line":233,"column":0},"end":{"line":233,"column":32}},"233":{"start":{"line":234,"column":0},"end":{"line":234,"column":30}},"234":{"start":{"line":235,"column":0},"end":{"line":235,"column":0}},"235":{"start":{"line":236,"column":0},"end":{"line":236,"column":42}},"236":{"start":{"line":237,"column":0},"end":{"line":237,"column":42}},"237":{"start":{"line":238,"column":0},"end":{"line":238,"column":49}},"238":{"start":{"line":239,"column":0},"end":{"line":239,"column":0}},"239":{"start":{"line":240,"column":0},"end":{"line":240,"column":43}},"240":{"start":{"line":241,"column":0},"end":{"line":241,"column":76}},"241":{"start":{"line":242,"column":0},"end":{"line":242,"column":13}},"242":{"start":{"line":243,"column":0},"end":{"line":243,"column":0}},"243":{"start":{"line":244,"column":0},"end":{"line":244,"column":82}},"244":{"start":{"line":245,"column":0},"end":{"line":245,"column":9}},"245":{"start":{"line":246,"column":0},"end":{"line":246,"column":19}},"246":{"start":{"line":247,"column":0},"end":{"line":247,"column":5}},"247":{"start":{"line":248,"column":0},"end":{"line":248,"column":0}},"248":{"start":{"line":249,"column":0},"end":{"line":249,"column":7}},"249":{"start":{"line":250,"column":0},"end":{"line":250,"column":23}},"250":{"start":{"line":251,"column":0},"end":{"line":251,"column":7}},"251":{"start":{"line":252,"column":0},"end":{"line":252,"column":24}},"252":{"start":{"line":253,"column":0},"end":{"line":253,"column":29}},"253":{"start":{"line":254,"column":0},"end":{"line":254,"column":39}},"254":{"start":{"line":255,"column":0},"end":{"line":255,"column":44}},"255":{"start":{"line":256,"column":0},"end":{"line":256,"column":43}},"256":{"start":{"line":257,"column":0},"end":{"line":257,"column":74}},"257":{"start":{"line":258,"column":0},"end":{"line":258,"column":9}},"258":{"start":{"line":259,"column":0},"end":{"line":259,"column":19}},"259":{"start":{"line":260,"column":0},"end":{"line":260,"column":5}},"260":{"start":{"line":261,"column":0},"end":{"line":261,"column":0}},"261":{"start":{"line":262,"column":0},"end":{"line":262,"column":7}},"262":{"start":{"line":263,"column":0},"end":{"line":263,"column":24}},"263":{"start":{"line":264,"column":0},"end":{"line":264,"column":7}},"264":{"start":{"line":265,"column":0},"end":{"line":265,"column":25}},"265":{"start":{"line":266,"column":0},"end":{"line":266,"column":33}},"266":{"start":{"line":267,"column":0},"end":{"line":267,"column":40}},"267":{"start":{"line":268,"column":0},"end":{"line":268,"column":44}},"268":{"start":{"line":269,"column":0},"end":{"line":269,"column":43}},"269":{"start":{"line":270,"column":0},"end":{"line":270,"column":74}},"270":{"start":{"line":271,"column":0},"end":{"line":271,"column":9}},"271":{"start":{"line":272,"column":0},"end":{"line":272,"column":19}},"272":{"start":{"line":273,"column":0},"end":{"line":273,"column":5}},"273":{"start":{"line":274,"column":0},"end":{"line":274,"column":0}},"274":{"start":{"line":275,"column":0},"end":{"line":275,"column":7}},"275":{"start":{"line":276,"column":0},"end":{"line":276,"column":31}},"276":{"start":{"line":277,"column":0},"end":{"line":277,"column":23}},"277":{"start":{"line":278,"column":0},"end":{"line":278,"column":7}},"278":{"start":{"line":279,"column":0},"end":{"line":279,"column":29}},"279":{"start":{"line":280,"column":0},"end":{"line":280,"column":40}},"280":{"start":{"line":281,"column":0},"end":{"line":281,"column":23}},"281":{"start":{"line":282,"column":0},"end":{"line":282,"column":24}},"282":{"start":{"line":283,"column":0},"end":{"line":283,"column":50}},"283":{"start":{"line":284,"column":0},"end":{"line":284,"column":35}},"284":{"start":{"line":285,"column":0},"end":{"line":285,"column":45}},"285":{"start":{"line":286,"column":0},"end":{"line":286,"column":104}},"286":{"start":{"line":287,"column":0},"end":{"line":287,"column":36}},"287":{"start":{"line":288,"column":0},"end":{"line":288,"column":73}},"288":{"start":{"line":289,"column":0},"end":{"line":289,"column":9}},"289":{"start":{"line":290,"column":0},"end":{"line":290,"column":19}},"290":{"start":{"line":291,"column":0},"end":{"line":291,"column":5}},"291":{"start":{"line":292,"column":0},"end":{"line":292,"column":0}},"292":{"start":{"line":293,"column":0},"end":{"line":293,"column":7}},"293":{"start":{"line":294,"column":0},"end":{"line":294,"column":22}},"294":{"start":{"line":295,"column":0},"end":{"line":295,"column":33}},"295":{"start":{"line":296,"column":0},"end":{"line":296,"column":7}},"296":{"start":{"line":297,"column":0},"end":{"line":297,"column":30}},"297":{"start":{"line":298,"column":0},"end":{"line":298,"column":43}},"298":{"start":{"line":299,"column":0},"end":{"line":299,"column":0}},"299":{"start":{"line":300,"column":0},"end":{"line":300,"column":73}},"300":{"start":{"line":301,"column":0},"end":{"line":301,"column":49}},"301":{"start":{"line":302,"column":0},"end":{"line":302,"column":48}},"302":{"start":{"line":303,"column":0},"end":{"line":303,"column":73}},"303":{"start":{"line":304,"column":0},"end":{"line":304,"column":9}},"304":{"start":{"line":305,"column":0},"end":{"line":305,"column":19}},"305":{"start":{"line":306,"column":0},"end":{"line":306,"column":5}},"306":{"start":{"line":307,"column":0},"end":{"line":307,"column":0}},"307":{"start":{"line":308,"column":0},"end":{"line":308,"column":33}},"308":{"start":{"line":309,"column":0},"end":{"line":309,"column":36}},"309":{"start":{"line":310,"column":0},"end":{"line":310,"column":0}},"310":{"start":{"line":311,"column":0},"end":{"line":311,"column":110}},"311":{"start":{"line":312,"column":0},"end":{"line":312,"column":49}},"312":{"start":{"line":313,"column":0},"end":{"line":313,"column":41}},"313":{"start":{"line":314,"column":0},"end":{"line":314,"column":73}},"314":{"start":{"line":315,"column":0},"end":{"line":315,"column":9}},"315":{"start":{"line":316,"column":0},"end":{"line":316,"column":19}},"316":{"start":{"line":317,"column":0},"end":{"line":317,"column":5}},"317":{"start":{"line":318,"column":0},"end":{"line":318,"column":0}},"318":{"start":{"line":319,"column":0},"end":{"line":319,"column":26}},"319":{"start":{"line":320,"column":0},"end":{"line":320,"column":38}},"320":{"start":{"line":321,"column":0},"end":{"line":321,"column":0}},"321":{"start":{"line":322,"column":0},"end":{"line":322,"column":61}},"322":{"start":{"line":323,"column":0},"end":{"line":323,"column":49}},"323":{"start":{"line":324,"column":0},"end":{"line":324,"column":43}},"324":{"start":{"line":325,"column":0},"end":{"line":325,"column":73}},"325":{"start":{"line":326,"column":0},"end":{"line":326,"column":9}},"326":{"start":{"line":327,"column":0},"end":{"line":327,"column":0}},"327":{"start":{"line":328,"column":0},"end":{"line":328,"column":19}},"328":{"start":{"line":329,"column":0},"end":{"line":329,"column":5}},"329":{"start":{"line":330,"column":0},"end":{"line":330,"column":0}},"330":{"start":{"line":331,"column":0},"end":{"line":331,"column":28}},"331":{"start":{"line":332,"column":0},"end":{"line":332,"column":37}},"332":{"start":{"line":333,"column":0},"end":{"line":333,"column":0}},"333":{"start":{"line":334,"column":0},"end":{"line":334,"column":61}},"334":{"start":{"line":335,"column":0},"end":{"line":335,"column":49}},"335":{"start":{"line":336,"column":0},"end":{"line":336,"column":42}},"336":{"start":{"line":337,"column":0},"end":{"line":337,"column":73}},"337":{"start":{"line":338,"column":0},"end":{"line":338,"column":9}},"338":{"start":{"line":339,"column":0},"end":{"line":339,"column":0}},"339":{"start":{"line":340,"column":0},"end":{"line":340,"column":19}},"340":{"start":{"line":341,"column":0},"end":{"line":341,"column":5}},"341":{"start":{"line":342,"column":0},"end":{"line":342,"column":0}},"342":{"start":{"line":343,"column":0},"end":{"line":343,"column":27}},"343":{"start":{"line":344,"column":0},"end":{"line":344,"column":58}},"344":{"start":{"line":345,"column":0},"end":{"line":345,"column":49}},"345":{"start":{"line":346,"column":0},"end":{"line":346,"column":42}},"346":{"start":{"line":347,"column":0},"end":{"line":347,"column":70}},"347":{"start":{"line":348,"column":0},"end":{"line":348,"column":9}},"348":{"start":{"line":349,"column":0},"end":{"line":349,"column":0}},"349":{"start":{"line":350,"column":0},"end":{"line":350,"column":26}},"350":{"start":{"line":351,"column":0},"end":{"line":351,"column":5}},"351":{"start":{"line":352,"column":0},"end":{"line":352,"column":0}},"352":{"start":{"line":353,"column":0},"end":{"line":353,"column":26}},"353":{"start":{"line":354,"column":0},"end":{"line":354,"column":33}},"354":{"start":{"line":355,"column":0},"end":{"line":355,"column":50}},"355":{"start":{"line":356,"column":0},"end":{"line":356,"column":39}},"356":{"start":{"line":357,"column":0},"end":{"line":357,"column":9}},"357":{"start":{"line":358,"column":0},"end":{"line":358,"column":19}},"358":{"start":{"line":359,"column":0},"end":{"line":359,"column":5}},"359":{"start":{"line":360,"column":0},"end":{"line":360,"column":0}},"360":{"start":{"line":361,"column":0},"end":{"line":361,"column":47}},"361":{"start":{"line":362,"column":0},"end":{"line":362,"column":32}},"362":{"start":{"line":363,"column":0},"end":{"line":363,"column":31}},"363":{"start":{"line":364,"column":0},"end":{"line":364,"column":49}},"364":{"start":{"line":365,"column":0},"end":{"line":365,"column":37}},"365":{"start":{"line":366,"column":0},"end":{"line":366,"column":9}},"366":{"start":{"line":367,"column":0},"end":{"line":367,"column":45}},"367":{"start":{"line":368,"column":0},"end":{"line":368,"column":40}},"368":{"start":{"line":369,"column":0},"end":{"line":369,"column":119}},"369":{"start":{"line":370,"column":0},"end":{"line":370,"column":9}},"370":{"start":{"line":371,"column":0},"end":{"line":371,"column":75}},"371":{"start":{"line":372,"column":0},"end":{"line":372,"column":37}},"372":{"start":{"line":373,"column":0},"end":{"line":373,"column":42}},"373":{"start":{"line":374,"column":0},"end":{"line":374,"column":68}},"374":{"start":{"line":375,"column":0},"end":{"line":375,"column":5}},"375":{"start":{"line":376,"column":0},"end":{"line":376,"column":0}},"376":{"start":{"line":377,"column":0},"end":{"line":377,"column":29}},"377":{"start":{"line":378,"column":0},"end":{"line":378,"column":33}},"378":{"start":{"line":379,"column":0},"end":{"line":379,"column":31}},"379":{"start":{"line":380,"column":0},"end":{"line":380,"column":27}},"380":{"start":{"line":381,"column":0},"end":{"line":381,"column":0}},"381":{"start":{"line":382,"column":0},"end":{"line":382,"column":76}},"382":{"start":{"line":383,"column":0},"end":{"line":383,"column":74}},"383":{"start":{"line":384,"column":0},"end":{"line":384,"column":73}},"384":{"start":{"line":385,"column":0},"end":{"line":385,"column":0}},"385":{"start":{"line":386,"column":0},"end":{"line":386,"column":61}},"386":{"start":{"line":387,"column":0},"end":{"line":387,"column":55}},"387":{"start":{"line":388,"column":0},"end":{"line":388,"column":9}},"388":{"start":{"line":389,"column":0},"end":{"line":389,"column":0}},"389":{"start":{"line":390,"column":0},"end":{"line":390,"column":47}},"390":{"start":{"line":391,"column":0},"end":{"line":391,"column":46}},"391":{"start":{"line":392,"column":0},"end":{"line":392,"column":79}},"392":{"start":{"line":393,"column":0},"end":{"line":393,"column":47}},"393":{"start":{"line":394,"column":0},"end":{"line":394,"column":9}},"394":{"start":{"line":395,"column":0},"end":{"line":395,"column":0}},"395":{"start":{"line":396,"column":0},"end":{"line":396,"column":47}},"396":{"start":{"line":397,"column":0},"end":{"line":397,"column":48}},"397":{"start":{"line":398,"column":0},"end":{"line":398,"column":9}},"398":{"start":{"line":399,"column":0},"end":{"line":399,"column":112}},"399":{"start":{"line":400,"column":0},"end":{"line":400,"column":5}},"400":{"start":{"line":401,"column":0},"end":{"line":401,"column":0}},"401":{"start":{"line":402,"column":0},"end":{"line":402,"column":37}},"402":{"start":{"line":403,"column":0},"end":{"line":403,"column":54}},"403":{"start":{"line":404,"column":0},"end":{"line":404,"column":5}},"404":{"start":{"line":405,"column":0},"end":{"line":405,"column":0}},"405":{"start":{"line":406,"column":0},"end":{"line":406,"column":28}},"406":{"start":{"line":407,"column":0},"end":{"line":407,"column":52}},"407":{"start":{"line":408,"column":0},"end":{"line":408,"column":5}},"408":{"start":{"line":409,"column":0},"end":{"line":409,"column":0}},"409":{"start":{"line":410,"column":0},"end":{"line":410,"column":7}},"410":{"start":{"line":411,"column":0},"end":{"line":411,"column":77}},"411":{"start":{"line":412,"column":0},"end":{"line":412,"column":63}},"412":{"start":{"line":413,"column":0},"end":{"line":413,"column":7}},"413":{"start":{"line":414,"column":0},"end":{"line":414,"column":51}},"414":{"start":{"line":415,"column":0},"end":{"line":415,"column":33}},"415":{"start":{"line":416,"column":0},"end":{"line":416,"column":35}},"416":{"start":{"line":417,"column":0},"end":{"line":417,"column":30}},"417":{"start":{"line":418,"column":0},"end":{"line":418,"column":27}},"418":{"start":{"line":419,"column":0},"end":{"line":419,"column":13}},"419":{"start":{"line":420,"column":0},"end":{"line":420,"column":9}},"420":{"start":{"line":421,"column":0},"end":{"line":421,"column":20}},"421":{"start":{"line":422,"column":0},"end":{"line":422,"column":5}},"422":{"start":{"line":423,"column":0},"end":{"line":423,"column":0}},"423":{"start":{"line":424,"column":0},"end":{"line":424,"column":7}},"424":{"start":{"line":425,"column":0},"end":{"line":425,"column":71}},"425":{"start":{"line":426,"column":0},"end":{"line":426,"column":23}},"426":{"start":{"line":427,"column":0},"end":{"line":427,"column":7}},"427":{"start":{"line":428,"column":0},"end":{"line":428,"column":50}},"428":{"start":{"line":429,"column":0},"end":{"line":429,"column":40}},"429":{"start":{"line":430,"column":0},"end":{"line":430,"column":45}},"430":{"start":{"line":431,"column":0},"end":{"line":431,"column":5}},"431":{"start":{"line":432,"column":0},"end":{"line":432,"column":0}},"432":{"start":{"line":433,"column":0},"end":{"line":433,"column":7}},"433":{"start":{"line":434,"column":0},"end":{"line":434,"column":62}},"434":{"start":{"line":435,"column":0},"end":{"line":435,"column":28}},"435":{"start":{"line":436,"column":0},"end":{"line":436,"column":7}},"436":{"start":{"line":437,"column":0},"end":{"line":437,"column":30}},"437":{"start":{"line":438,"column":0},"end":{"line":438,"column":50}},"438":{"start":{"line":439,"column":0},"end":{"line":439,"column":30}},"439":{"start":{"line":440,"column":0},"end":{"line":440,"column":5}},"440":{"start":{"line":441,"column":0},"end":{"line":441,"column":0}},"441":{"start":{"line":442,"column":0},"end":{"line":442,"column":7}},"442":{"start":{"line":443,"column":0},"end":{"line":443,"column":33}},"443":{"start":{"line":444,"column":0},"end":{"line":444,"column":7}},"444":{"start":{"line":445,"column":0},"end":{"line":445,"column":31}},"445":{"start":{"line":446,"column":0},"end":{"line":446,"column":51}},"446":{"start":{"line":447,"column":0},"end":{"line":447,"column":5}},"447":{"start":{"line":448,"column":0},"end":{"line":448,"column":0}},"448":{"start":{"line":449,"column":0},"end":{"line":449,"column":7}},"449":{"start":{"line":450,"column":0},"end":{"line":450,"column":83}},"450":{"start":{"line":451,"column":0},"end":{"line":451,"column":33}},"451":{"start":{"line":452,"column":0},"end":{"line":452,"column":7}},"452":{"start":{"line":453,"column":0},"end":{"line":453,"column":62}},"453":{"start":{"line":454,"column":0},"end":{"line":454,"column":51}},"454":{"start":{"line":455,"column":0},"end":{"line":455,"column":67}},"455":{"start":{"line":456,"column":0},"end":{"line":456,"column":5}},"456":{"start":{"line":457,"column":0},"end":{"line":457,"column":0}},"457":{"start":{"line":458,"column":0},"end":{"line":458,"column":7}},"458":{"start":{"line":459,"column":0},"end":{"line":459,"column":45}},"459":{"start":{"line":460,"column":0},"end":{"line":460,"column":29}},"460":{"start":{"line":461,"column":0},"end":{"line":461,"column":7}},"461":{"start":{"line":462,"column":0},"end":{"line":462,"column":27}},"462":{"start":{"line":463,"column":0},"end":{"line":463,"column":47}},"463":{"start":{"line":464,"column":0},"end":{"line":464,"column":5}},"464":{"start":{"line":465,"column":0},"end":{"line":465,"column":0}},"465":{"start":{"line":466,"column":0},"end":{"line":466,"column":7}},"466":{"start":{"line":467,"column":0},"end":{"line":467,"column":61}},"467":{"start":{"line":468,"column":0},"end":{"line":468,"column":7}},"468":{"start":{"line":469,"column":0},"end":{"line":469,"column":23}},"469":{"start":{"line":470,"column":0},"end":{"line":470,"column":49}},"470":{"start":{"line":471,"column":0},"end":{"line":471,"column":5}},"471":{"start":{"line":472,"column":0},"end":{"line":472,"column":0}},"472":{"start":{"line":473,"column":0},"end":{"line":473,"column":33}},"473":{"start":{"line":474,"column":0},"end":{"line":474,"column":25}},"474":{"start":{"line":475,"column":0},"end":{"line":475,"column":0}},"475":{"start":{"line":476,"column":0},"end":{"line":476,"column":33}},"476":{"start":{"line":477,"column":0},"end":{"line":477,"column":39}},"477":{"start":{"line":478,"column":0},"end":{"line":478,"column":41}},"478":{"start":{"line":479,"column":0},"end":{"line":479,"column":34}},"479":{"start":{"line":480,"column":0},"end":{"line":480,"column":26}},"480":{"start":{"line":481,"column":0},"end":{"line":481,"column":37}},"481":{"start":{"line":482,"column":0},"end":{"line":482,"column":35}},"482":{"start":{"line":483,"column":0},"end":{"line":483,"column":35}},"483":{"start":{"line":484,"column":0},"end":{"line":484,"column":34}},"484":{"start":{"line":485,"column":0},"end":{"line":485,"column":37}},"485":{"start":{"line":486,"column":0},"end":{"line":486,"column":37}},"486":{"start":{"line":487,"column":0},"end":{"line":487,"column":38}},"487":{"start":{"line":488,"column":0},"end":{"line":488,"column":26}},"488":{"start":{"line":489,"column":0},"end":{"line":489,"column":13}},"489":{"start":{"line":490,"column":0},"end":{"line":490,"column":26}},"490":{"start":{"line":491,"column":0},"end":{"line":491,"column":9}},"491":{"start":{"line":492,"column":0},"end":{"line":492,"column":5}},"492":{"start":{"line":493,"column":0},"end":{"line":493,"column":1}}},"s":{"0":1,"1":1,"2":1,"3":1,"4":1,"5":1,"6":1,"7":1,"8":1,"9":1,"10":1,"11":1,"12":1,"13":1,"14":1,"15":1,"16":1,"17":1,"18":1,"19":1,"20":1,"21":1,"22":1,"23":1,"24":1,"25":1,"26":5,"27":5,"28":1,"29":1,"30":5,"31":5,"32":13,"33":13,"34":13,"35":5,"36":5,"37":5,"38":5,"39":5,"40":5,"41":5,"42":13,"43":5,"44":4,"45":4,"46":1,"47":1,"48":23,"49":23,"50":1,"51":1,"52":1,"53":1,"54":1,"55":1,"56":1,"57":1,"58":1,"59":1,"60":30,"61":30,"62":20,"63":20,"64":1,"65":1,"66":1,"67":1,"68":1,"69":1,"70":20,"71":20,"72":20,"73":20,"74":20,"75":20,"76":6,"77":6,"78":1,"79":1,"80":1,"81":1,"82":1,"83":1,"84":1,"85":1,"86":1,"87":1,"88":1,"89":0,"90":0,"91":0,"92":0,"93":0,"94":0,"95":0,"96":1,"97":1,"98":1,"99":1,"100":1,"101":1,"102":1,"103":1,"104":1,"105":0,"106":0,"107":0,"108":0,"109":0,"110":0,"111":0,"112":0,"113":0,"114":1,"115":1,"116":9,"117":9,"118":9,"119":9,"120":7,"121":7,"122":7,"123":7,"124":7,"125":1,"126":1,"127":1,"128":1,"129":1,"130":0,"131":0,"132":0,"133":0,"134":0,"135":0,"136":0,"137":1,"138":1,"139":1,"140":1,"141":1,"142":0,"143":0,"144":0,"145":0,"146":0,"147":0,"148":0,"149":0,"150":0,"151":0,"152":0,"153":0,"154":0,"155":0,"156":0,"157":0,"158":0,"159":0,"160":0,"161":0,"162":0,"163":0,"164":0,"165":0,"166":0,"167":0,"168":0,"169":0,"170":0,"171":0,"172":0,"173":0,"174":0,"175":0,"176":0,"177":0,"178":1,"179":1,"180":1,"181":1,"182":1,"183":4,"184":4,"185":4,"186":4,"187":1,"188":1,"189":5,"190":5,"191":17,"192":17,"193":5,"194":5,"195":5,"196":1,"197":1,"198":1,"199":1,"200":1,"201":0,"202":0,"203":0,"204":0,"205":0,"206":0,"207":0,"208":0,"209":0,"210":1,"211":1,"212":1,"213":1,"214":1,"215":1,"216":10,"217":10,"218":10,"219":10,"220":10,"221":1,"222":1,"223":1,"224":1,"225":1,"226":1,"227":6,"228":6,"229":6,"230":6,"231":1,"232":1,"233":28,"234":28,"235":28,"236":5,"237":5,"238":5,"239":5,"240":4,"241":4,"242":1,"243":1,"244":1,"245":22,"246":22,"247":1,"248":1,"249":1,"250":1,"251":1,"252":28,"253":28,"254":0,"255":0,"256":0,"257":0,"258":27,"259":27,"260":1,"261":1,"262":1,"263":1,"264":1,"265":28,"266":28,"267":0,"268":0,"269":0,"270":0,"271":27,"272":27,"273":1,"274":1,"275":1,"276":1,"277":1,"278":1,"279":28,"280":28,"281":28,"282":28,"283":1,"284":1,"285":1,"286":1,"287":1,"288":1,"289":26,"290":26,"291":1,"292":1,"293":1,"294":1,"295":1,"296":1,"297":30,"298":30,"299":30,"300":1,"301":1,"302":1,"303":1,"304":29,"305":29,"306":1,"307":1,"308":31,"309":31,"310":31,"311":0,"312":0,"313":0,"314":0,"315":30,"316":30,"317":1,"318":1,"319":31,"320":31,"321":31,"322":1,"323":1,"324":1,"325":1,"326":30,"327":30,"328":30,"329":1,"330":1,"331":32,"332":32,"333":32,"334":0,"335":0,"336":0,"337":0,"338":31,"339":31,"340":31,"341":1,"342":1,"343":32,"344":0,"345":0,"346":0,"347":0,"348":32,"349":32,"350":32,"351":1,"352":1,"353":32,"354":32,"355":1,"356":1,"357":31,"358":31,"359":1,"360":1,"361":1,"362":1,"363":1,"364":0,"365":0,"366":1,"367":0,"368":0,"369":0,"370":1,"371":1,"372":1,"373":1,"374":1,"375":1,"376":1,"377":32,"378":32,"379":32,"380":32,"381":32,"382":32,"383":32,"384":30,"385":32,"386":11,"387":11,"388":19,"389":32,"390":0,"391":0,"392":0,"393":0,"394":19,"395":32,"396":18,"397":18,"398":1,"399":1,"400":1,"401":1,"402":1,"403":1,"404":1,"405":1,"406":0,"407":0,"408":1,"409":1,"410":1,"411":1,"412":1,"413":1,"414":634,"415":866,"416":72,"417":72,"418":72,"419":866,"420":562,"421":562,"422":1,"423":1,"424":1,"425":1,"426":1,"427":1,"428":931,"429":929,"430":929,"431":1,"432":1,"433":1,"434":1,"435":1,"436":1,"437":115,"438":115,"439":115,"440":1,"441":1,"442":1,"443":1,"444":1,"445":166,"446":166,"447":1,"448":1,"449":1,"450":1,"451":1,"452":1,"453":41,"454":3,"455":3,"456":1,"457":1,"458":1,"459":1,"460":1,"461":1,"462":2058,"463":2058,"464":1,"465":1,"466":1,"467":1,"468":1,"469":1090,"470":1090,"471":1,"472":1,"473":5,"474":5,"475":5,"476":7,"477":7,"478":2,"479":2,"480":7,"481":7,"482":7,"483":7,"484":7,"485":7,"486":7,"487":2,"488":7,"489":3,"490":3,"491":5,"492":1},"branchMap":{"0":{"type":"branch","line":26,"loc":{"start":{"line":26,"column":4},"end":{"line":28,"column":5}},"locations":[{"start":{"line":26,"column":4},"end":{"line":28,"column":5}}]},"1":{"type":"branch","line":30,"loc":{"start":{"line":30,"column":4},"end":{"line":46,"column":5}},"locations":[{"start":{"line":30,"column":4},"end":{"line":46,"column":5}}]},"2":{"type":"branch","line":32,"loc":{"start":{"line":32,"column":32},"end":{"line":43,"column":9}},"locations":[{"start":{"line":32,"column":32},"end":{"line":43,"column":9}}]},"3":{"type":"branch","line":35,"loc":{"start":{"line":35,"column":14},"end":{"line":42,"column":13}},"locations":[{"start":{"line":35,"column":14},"end":{"line":42,"column":13}}]},"4":{"type":"branch","line":41,"loc":{"start":{"line":41,"column":17},"end":{"line":41,"column":30}},"locations":[{"start":{"line":41,"column":17},"end":{"line":41,"column":30}}]},"5":{"type":"branch","line":44,"loc":{"start":{"line":44,"column":27},"end":{"line":44,"column":38}},"locations":[{"start":{"line":44,"column":27},"end":{"line":44,"column":38}}]},"6":{"type":"branch","line":45,"loc":{"start":{"line":45,"column":-2},"end":{"line":46,"column":5}},"locations":[{"start":{"line":45,"column":-2},"end":{"line":46,"column":5}}]},"7":{"type":"branch","line":48,"loc":{"start":{"line":48,"column":12},"end":{"line":50,"column":5}},"locations":[{"start":{"line":48,"column":12},"end":{"line":50,"column":5}}]},"8":{"type":"branch","line":60,"loc":{"start":{"line":60,"column":12},"end":{"line":64,"column":5}},"locations":[{"start":{"line":60,"column":12},"end":{"line":64,"column":5}}]},"9":{"type":"branch","line":61,"loc":{"start":{"line":61,"column":39},"end":{"line":61,"column":78}},"locations":[{"start":{"line":61,"column":39},"end":{"line":61,"column":78}}]},"10":{"type":"branch","line":62,"loc":{"start":{"line":62,"column":-2},"end":{"line":62,"column":46}},"locations":[{"start":{"line":62,"column":-2},"end":{"line":62,"column":46}}]},"11":{"type":"branch","line":62,"loc":{"start":{"line":62,"column":39},"end":{"line":62,"column":67}},"locations":[{"start":{"line":62,"column":39},"end":{"line":62,"column":67}}]},"12":{"type":"branch","line":63,"loc":{"start":{"line":63,"column":-2},"end":{"line":64,"column":5}},"locations":[{"start":{"line":63,"column":-2},"end":{"line":64,"column":5}}]},"13":{"type":"branch","line":70,"loc":{"start":{"line":70,"column":12},"end":{"line":78,"column":5}},"locations":[{"start":{"line":70,"column":12},"end":{"line":78,"column":5}}]},"14":{"type":"branch","line":71,"loc":{"start":{"line":71,"column":41},"end":{"line":71,"column":64}},"locations":[{"start":{"line":71,"column":41},"end":{"line":71,"column":64}}]},"15":{"type":"branch","line":72,"loc":{"start":{"line":72,"column":39},"end":{"line":72,"column":60}},"locations":[{"start":{"line":72,"column":39},"end":{"line":72,"column":60}}]},"16":{"type":"branch","line":73,"loc":{"start":{"line":73,"column":38},"end":{"line":73,"column":63}},"locations":[{"start":{"line":73,"column":38},"end":{"line":73,"column":63}}]},"17":{"type":"branch","line":74,"loc":{"start":{"line":74,"column":42},"end":{"line":74,"column":66}},"locations":[{"start":{"line":74,"column":42},"end":{"line":74,"column":66}}]},"18":{"type":"branch","line":75,"loc":{"start":{"line":75,"column":41},"end":{"line":76,"column":53}},"locations":[{"start":{"line":75,"column":41},"end":{"line":76,"column":53}}]},"19":{"type":"branch","line":76,"loc":{"start":{"line":76,"column":46},"end":{"line":76,"column":74}},"locations":[{"start":{"line":76,"column":46},"end":{"line":76,"column":74}}]},"20":{"type":"branch","line":77,"loc":{"start":{"line":77,"column":-2},"end":{"line":78,"column":5}},"locations":[{"start":{"line":77,"column":-2},"end":{"line":78,"column":5}}]},"21":{"type":"branch","line":84,"loc":{"start":{"line":84,"column":12},"end":{"line":103,"column":5}},"locations":[{"start":{"line":84,"column":12},"end":{"line":103,"column":5}}]},"22":{"type":"branch","line":89,"loc":{"start":{"line":89,"column":48},"end":{"line":96,"column":9}},"locations":[{"start":{"line":89,"column":48},"end":{"line":96,"column":9}}]},"23":{"type":"branch","line":116,"loc":{"start":{"line":116,"column":12},"end":{"line":125,"column":5}},"locations":[{"start":{"line":116,"column":12},"end":{"line":125,"column":5}}]},"24":{"type":"branch","line":120,"loc":{"start":{"line":120,"column":41},"end":{"line":125,"column":5}},"locations":[{"start":{"line":120,"column":41},"end":{"line":125,"column":5}}]},"25":{"type":"branch","line":183,"loc":{"start":{"line":183,"column":12},"end":{"line":187,"column":5}},"locations":[{"start":{"line":183,"column":12},"end":{"line":187,"column":5}}]},"26":{"type":"branch","line":189,"loc":{"start":{"line":189,"column":12},"end":{"line":196,"column":5}},"locations":[{"start":{"line":189,"column":12},"end":{"line":196,"column":5}}]},"27":{"type":"branch","line":191,"loc":{"start":{"line":191,"column":49},"end":{"line":191,"column":68}},"locations":[{"start":{"line":191,"column":49},"end":{"line":191,"column":68}}]},"28":{"type":"branch","line":191,"loc":{"start":{"line":191,"column":70},"end":{"line":193,"column":9}},"locations":[{"start":{"line":191,"column":70},"end":{"line":193,"column":9}}]},"29":{"type":"branch","line":216,"loc":{"start":{"line":216,"column":12},"end":{"line":221,"column":5}},"locations":[{"start":{"line":216,"column":12},"end":{"line":221,"column":5}}]},"30":{"type":"branch","line":227,"loc":{"start":{"line":227,"column":12},"end":{"line":231,"column":5}},"locations":[{"start":{"line":227,"column":12},"end":{"line":231,"column":5}}]},"31":{"type":"branch","line":233,"loc":{"start":{"line":233,"column":12},"end":{"line":247,"column":5}},"locations":[{"start":{"line":233,"column":12},"end":{"line":247,"column":5}}]},"32":{"type":"branch","line":236,"loc":{"start":{"line":236,"column":41},"end":{"line":245,"column":9}},"locations":[{"start":{"line":236,"column":41},"end":{"line":245,"column":9}}]},"33":{"type":"branch","line":240,"loc":{"start":{"line":240,"column":42},"end":{"line":242,"column":13}},"locations":[{"start":{"line":240,"column":42},"end":{"line":242,"column":13}}]},"34":{"type":"branch","line":243,"loc":{"start":{"line":243,"column":-2},"end":{"line":245,"column":9}},"locations":[{"start":{"line":243,"column":-2},"end":{"line":245,"column":9}}]},"35":{"type":"branch","line":246,"loc":{"start":{"line":246,"column":-2},"end":{"line":247,"column":5}},"locations":[{"start":{"line":246,"column":-2},"end":{"line":247,"column":5}}]},"36":{"type":"branch","line":252,"loc":{"start":{"line":252,"column":12},"end":{"line":260,"column":5}},"locations":[{"start":{"line":252,"column":12},"end":{"line":260,"column":5}}]},"37":{"type":"branch","line":254,"loc":{"start":{"line":254,"column":38},"end":{"line":258,"column":9}},"locations":[{"start":{"line":254,"column":38},"end":{"line":258,"column":9}}]},"38":{"type":"branch","line":259,"loc":{"start":{"line":259,"column":-2},"end":{"line":260,"column":5}},"locations":[{"start":{"line":259,"column":-2},"end":{"line":260,"column":5}}]},"39":{"type":"branch","line":265,"loc":{"start":{"line":265,"column":12},"end":{"line":273,"column":5}},"locations":[{"start":{"line":265,"column":12},"end":{"line":273,"column":5}}]},"40":{"type":"branch","line":267,"loc":{"start":{"line":267,"column":39},"end":{"line":271,"column":9}},"locations":[{"start":{"line":267,"column":39},"end":{"line":271,"column":9}}]},"41":{"type":"branch","line":272,"loc":{"start":{"line":272,"column":-2},"end":{"line":273,"column":5}},"locations":[{"start":{"line":272,"column":-2},"end":{"line":273,"column":5}}]},"42":{"type":"branch","line":279,"loc":{"start":{"line":279,"column":12},"end":{"line":291,"column":5}},"locations":[{"start":{"line":279,"column":12},"end":{"line":291,"column":5}}]},"43":{"type":"branch","line":283,"loc":{"start":{"line":283,"column":49},"end":{"line":289,"column":9}},"locations":[{"start":{"line":283,"column":49},"end":{"line":289,"column":9}}]},"44":{"type":"branch","line":286,"loc":{"start":{"line":286,"column":16},"end":{"line":286,"column":104}},"locations":[{"start":{"line":286,"column":16},"end":{"line":286,"column":104}}]},"45":{"type":"branch","line":290,"loc":{"start":{"line":290,"column":-2},"end":{"line":291,"column":5}},"locations":[{"start":{"line":290,"column":-2},"end":{"line":291,"column":5}}]},"46":{"type":"branch","line":297,"loc":{"start":{"line":297,"column":12},"end":{"line":306,"column":5}},"locations":[{"start":{"line":297,"column":12},"end":{"line":306,"column":5}}]},"47":{"type":"branch","line":300,"loc":{"start":{"line":300,"column":72},"end":{"line":304,"column":9}},"locations":[{"start":{"line":300,"column":72},"end":{"line":304,"column":9}}]},"48":{"type":"branch","line":305,"loc":{"start":{"line":305,"column":-2},"end":{"line":306,"column":5}},"locations":[{"start":{"line":305,"column":-2},"end":{"line":306,"column":5}}]},"49":{"type":"branch","line":308,"loc":{"start":{"line":308,"column":12},"end":{"line":317,"column":5}},"locations":[{"start":{"line":308,"column":12},"end":{"line":317,"column":5}}]},"50":{"type":"branch","line":311,"loc":{"start":{"line":311,"column":109},"end":{"line":315,"column":9}},"locations":[{"start":{"line":311,"column":109},"end":{"line":315,"column":9}}]},"51":{"type":"branch","line":316,"loc":{"start":{"line":316,"column":-2},"end":{"line":317,"column":5}},"locations":[{"start":{"line":316,"column":-2},"end":{"line":317,"column":5}}]},"52":{"type":"branch","line":319,"loc":{"start":{"line":319,"column":12},"end":{"line":329,"column":5}},"locations":[{"start":{"line":319,"column":12},"end":{"line":329,"column":5}}]},"53":{"type":"branch","line":322,"loc":{"start":{"line":322,"column":60},"end":{"line":326,"column":9}},"locations":[{"start":{"line":322,"column":60},"end":{"line":326,"column":9}}]},"54":{"type":"branch","line":327,"loc":{"start":{"line":327,"column":-2},"end":{"line":329,"column":5}},"locations":[{"start":{"line":327,"column":-2},"end":{"line":329,"column":5}}]},"55":{"type":"branch","line":331,"loc":{"start":{"line":331,"column":12},"end":{"line":341,"column":5}},"locations":[{"start":{"line":331,"column":12},"end":{"line":341,"column":5}}]},"56":{"type":"branch","line":334,"loc":{"start":{"line":334,"column":60},"end":{"line":338,"column":9}},"locations":[{"start":{"line":334,"column":60},"end":{"line":338,"column":9}}]},"57":{"type":"branch","line":339,"loc":{"start":{"line":339,"column":-2},"end":{"line":341,"column":5}},"locations":[{"start":{"line":339,"column":-2},"end":{"line":341,"column":5}}]},"58":{"type":"branch","line":343,"loc":{"start":{"line":343,"column":12},"end":{"line":351,"column":5}},"locations":[{"start":{"line":343,"column":12},"end":{"line":351,"column":5}}]},"59":{"type":"branch","line":344,"loc":{"start":{"line":344,"column":57},"end":{"line":348,"column":9}},"locations":[{"start":{"line":344,"column":57},"end":{"line":348,"column":9}}]},"60":{"type":"branch","line":353,"loc":{"start":{"line":353,"column":12},"end":{"line":359,"column":5}},"locations":[{"start":{"line":353,"column":12},"end":{"line":359,"column":5}}]},"61":{"type":"branch","line":355,"loc":{"start":{"line":355,"column":49},"end":{"line":357,"column":9}},"locations":[{"start":{"line":355,"column":49},"end":{"line":357,"column":9}}]},"62":{"type":"branch","line":358,"loc":{"start":{"line":358,"column":-2},"end":{"line":359,"column":5}},"locations":[{"start":{"line":358,"column":-2},"end":{"line":359,"column":5}}]},"63":{"type":"branch","line":361,"loc":{"start":{"line":361,"column":12},"end":{"line":375,"column":5}},"locations":[{"start":{"line":361,"column":12},"end":{"line":375,"column":5}}]},"64":{"type":"branch","line":364,"loc":{"start":{"line":364,"column":48},"end":{"line":366,"column":9}},"locations":[{"start":{"line":364,"column":48},"end":{"line":366,"column":9}}]},"65":{"type":"branch","line":367,"loc":{"start":{"line":367,"column":44},"end":{"line":370,"column":9}},"locations":[{"start":{"line":367,"column":44},"end":{"line":370,"column":9}}]},"66":{"type":"branch","line":377,"loc":{"start":{"line":377,"column":12},"end":{"line":400,"column":5}},"locations":[{"start":{"line":377,"column":12},"end":{"line":400,"column":5}}]},"67":{"type":"branch","line":382,"loc":{"start":{"line":382,"column":41},"end":{"line":382,"column":76}},"locations":[{"start":{"line":382,"column":41},"end":{"line":382,"column":76}}]},"68":{"type":"branch","line":383,"loc":{"start":{"line":383,"column":-2},"end":{"line":383,"column":47}},"locations":[{"start":{"line":383,"column":-2},"end":{"line":383,"column":47}}]},"69":{"type":"branch","line":383,"loc":{"start":{"line":383,"column":40},"end":{"line":383,"column":74}},"locations":[{"start":{"line":383,"column":40},"end":{"line":383,"column":74}}]},"70":{"type":"branch","line":384,"loc":{"start":{"line":384,"column":-2},"end":{"line":384,"column":46}},"locations":[{"start":{"line":384,"column":-2},"end":{"line":384,"column":46}}]},"71":{"type":"branch","line":384,"loc":{"start":{"line":384,"column":39},"end":{"line":384,"column":73}},"locations":[{"start":{"line":384,"column":39},"end":{"line":384,"column":73}}]},"72":{"type":"branch","line":385,"loc":{"start":{"line":385,"column":-2},"end":{"line":386,"column":60}},"locations":[{"start":{"line":385,"column":-2},"end":{"line":386,"column":60}}]},"73":{"type":"branch","line":386,"loc":{"start":{"line":386,"column":60},"end":{"line":388,"column":9}},"locations":[{"start":{"line":386,"column":60},"end":{"line":388,"column":9}}]},"74":{"type":"branch","line":389,"loc":{"start":{"line":389,"column":-2},"end":{"line":390,"column":46}},"locations":[{"start":{"line":389,"column":-2},"end":{"line":390,"column":46}}]},"75":{"type":"branch","line":390,"loc":{"start":{"line":390,"column":46},"end":{"line":394,"column":9}},"locations":[{"start":{"line":390,"column":46},"end":{"line":394,"column":9}}]},"76":{"type":"branch","line":395,"loc":{"start":{"line":395,"column":-2},"end":{"line":396,"column":46}},"locations":[{"start":{"line":395,"column":-2},"end":{"line":396,"column":46}}]},"77":{"type":"branch","line":396,"loc":{"start":{"line":396,"column":46},"end":{"line":398,"column":9}},"locations":[{"start":{"line":396,"column":46},"end":{"line":398,"column":9}}]},"78":{"type":"branch","line":399,"loc":{"start":{"line":399,"column":-2},"end":{"line":400,"column":5}},"locations":[{"start":{"line":399,"column":-2},"end":{"line":400,"column":5}}]},"79":{"type":"branch","line":402,"loc":{"start":{"line":402,"column":12},"end":{"line":404,"column":5}},"locations":[{"start":{"line":402,"column":12},"end":{"line":404,"column":5}}]},"80":{"type":"branch","line":414,"loc":{"start":{"line":414,"column":12},"end":{"line":422,"column":5}},"locations":[{"start":{"line":414,"column":12},"end":{"line":422,"column":5}}]},"81":{"type":"branch","line":415,"loc":{"start":{"line":415,"column":32},"end":{"line":420,"column":9}},"locations":[{"start":{"line":415,"column":32},"end":{"line":420,"column":9}}]},"82":{"type":"branch","line":416,"loc":{"start":{"line":416,"column":34},"end":{"line":419,"column":13}},"locations":[{"start":{"line":416,"column":34},"end":{"line":419,"column":13}}]},"83":{"type":"branch","line":421,"loc":{"start":{"line":421,"column":-2},"end":{"line":422,"column":5}},"locations":[{"start":{"line":421,"column":-2},"end":{"line":422,"column":5}}]},"84":{"type":"branch","line":428,"loc":{"start":{"line":428,"column":12},"end":{"line":431,"column":5}},"locations":[{"start":{"line":428,"column":12},"end":{"line":431,"column":5}}]},"85":{"type":"branch","line":429,"loc":{"start":{"line":429,"column":28},"end":{"line":429,"column":40}},"locations":[{"start":{"line":429,"column":28},"end":{"line":429,"column":40}}]},"86":{"type":"branch","line":430,"loc":{"start":{"line":430,"column":-2},"end":{"line":431,"column":5}},"locations":[{"start":{"line":430,"column":-2},"end":{"line":431,"column":5}}]},"87":{"type":"branch","line":437,"loc":{"start":{"line":437,"column":12},"end":{"line":440,"column":5}},"locations":[{"start":{"line":437,"column":12},"end":{"line":440,"column":5}}]},"88":{"type":"branch","line":445,"loc":{"start":{"line":445,"column":12},"end":{"line":447,"column":5}},"locations":[{"start":{"line":445,"column":12},"end":{"line":447,"column":5}}]},"89":{"type":"branch","line":453,"loc":{"start":{"line":453,"column":12},"end":{"line":456,"column":5}},"locations":[{"start":{"line":453,"column":12},"end":{"line":456,"column":5}}]},"90":{"type":"branch","line":454,"loc":{"start":{"line":454,"column":30},"end":{"line":454,"column":51}},"locations":[{"start":{"line":454,"column":30},"end":{"line":454,"column":51}}]},"91":{"type":"branch","line":455,"loc":{"start":{"line":455,"column":-2},"end":{"line":456,"column":5}},"locations":[{"start":{"line":455,"column":-2},"end":{"line":456,"column":5}}]},"92":{"type":"branch","line":462,"loc":{"start":{"line":462,"column":12},"end":{"line":464,"column":5}},"locations":[{"start":{"line":462,"column":12},"end":{"line":464,"column":5}}]},"93":{"type":"branch","line":469,"loc":{"start":{"line":469,"column":12},"end":{"line":471,"column":5}},"locations":[{"start":{"line":469,"column":12},"end":{"line":471,"column":5}}]},"94":{"type":"branch","line":473,"loc":{"start":{"line":473,"column":12},"end":{"line":492,"column":5}},"locations":[{"start":{"line":473,"column":12},"end":{"line":492,"column":5}}]},"95":{"type":"branch","line":476,"loc":{"start":{"line":476,"column":32},"end":{"line":491,"column":9}},"locations":[{"start":{"line":476,"column":32},"end":{"line":491,"column":9}}]},"96":{"type":"branch","line":478,"loc":{"start":{"line":478,"column":16},"end":{"line":480,"column":26}},"locations":[{"start":{"line":478,"column":16},"end":{"line":480,"column":26}}]},"97":{"type":"
[...]
end":{"line":203,"column":7}},"203":{"start":{"line":204,"column":0},"end":{"line":204,"column":84}},"204":{"start":{"line":205,"column":0},"end":{"line":205,"column":79}},"205":{"start":{"line":206,"column":0},"end":{"line":206,"column":7}},"206":{"start":{"line":207,"column":0},"end":{"line":207,"column":28}},"207":{"start":{"line":208,"column":0},"end":{"line":208,"column":30}},"208":{"start":{"line":209,"column":0},"end":{"line":209,"column":50}},"209":{"start":{"line":210,"column":0},"end":{"line":210,"column":9}},"210":{"start":{"line":211,"column":0},"end":{"line":211,"column":19}},"211":{"start":{"line":212,"column":0},"end":{"line":212,"column":5}},"212":{"start":{"line":213,"column":0},"end":{"line":213,"column":0}},"213":{"start":{"line":214,"column":0},"end":{"line":214,"column":7}},"214":{"start":{"line":215,"column":0},"end":{"line":215,"column":81}},"215":{"start":{"line":216,"column":0},"end":{"line":216,"column":86}},"216":{"start":{"line":217,"column":0},"end":{"line":217,"column":7}},"217":{"start":{"line":218,"column":0},"end":{"line":218,"column":32}},"218":{"start":{"line":219,"column":0},"end":{"line":219,"column":55}},"219":{"start":{"line":220,"column":0},"end":{"line":220,"column":54}},"220":{"start":{"line":221,"column":0},"end":{"line":221,"column":9}},"221":{"start":{"line":222,"column":0},"end":{"line":222,"column":19}},"222":{"start":{"line":223,"column":0},"end":{"line":223,"column":5}},"223":{"start":{"line":224,"column":0},"end":{"line":224,"column":0}},"224":{"start":{"line":225,"column":0},"end":{"line":225,"column":7}},"225":{"start":{"line":226,"column":0},"end":{"line":226,"column":67}},"226":{"start":{"line":227,"column":0},"end":{"line":227,"column":7}},"227":{"start":{"line":228,"column":0},"end":{"line":228,"column":54}},"228":{"start":{"line":229,"column":0},"end":{"line":229,"column":69}},"229":{"start":{"line":230,"column":0},"end":{"line":230,"column":25}},"230":{"start":{"line":231,"column":0},"end":{"line":231,"column":114}},"231":{"start":{"line":232,"column":0},"end":{"line":232,"column":9}},"232":{"start":{"line":233,"column":0},"end":{"line":233,"column":5}},"233":{"start":{"line":234,"column":0},"end":{"line":234,"column":0}},"234":{"start":{"line":235,"column":0},"end":{"line":235,"column":7}},"235":{"start":{"line":236,"column":0},"end":{"line":236,"column":66}},"236":{"start":{"line":237,"column":0},"end":{"line":237,"column":90}},"237":{"start":{"line":238,"column":0},"end":{"line":238,"column":72}},"238":{"start":{"line":239,"column":0},"end":{"line":239,"column":7}},"239":{"start":{"line":240,"column":0},"end":{"line":240,"column":15}},"240":{"start":{"line":241,"column":0},"end":{"line":241,"column":48}},"241":{"start":{"line":242,"column":0},"end":{"line":242,"column":5}},"242":{"start":{"line":243,"column":0},"end":{"line":243,"column":0}},"243":{"start":{"line":244,"column":0},"end":{"line":244,"column":7}},"244":{"start":{"line":245,"column":0},"end":{"line":245,"column":78}},"245":{"start":{"line":246,"column":0},"end":{"line":246,"column":56}},"246":{"start":{"line":247,"column":0},"end":{"line":247,"column":7}},"247":{"start":{"line":248,"column":0},"end":{"line":248,"column":39}},"248":{"start":{"line":249,"column":0},"end":{"line":249,"column":40}},"249":{"start":{"line":250,"column":0},"end":{"line":250,"column":55}},"250":{"start":{"line":251,"column":0},"end":{"line":251,"column":25}},"251":{"start":{"line":252,"column":0},"end":{"line":252,"column":23}},"252":{"start":{"line":253,"column":0},"end":{"line":253,"column":9}},"253":{"start":{"line":254,"column":0},"end":{"line":254,"column":20}},"254":{"start":{"line":255,"column":0},"end":{"line":255,"column":5}},"255":{"start":{"line":256,"column":0},"end":{"line":256,"column":0}},"256":{"start":{"line":257,"column":0},"end":{"line":257,"column":7}},"257":{"start":{"line":258,"column":0},"end":{"line":258,"column":74}},"258":{"start":{"line":259,"column":0},"end":{"line":259,"column":7}},"259":{"start":{"line":260,"column":0},"end":{"line":260,"column":15}},"260":{"start":{"line":261,"column":0},"end":{"line":261,"column":48}},"261":{"start":{"line":262,"column":0},"end":{"line":262,"column":5}},"262":{"start":{"line":263,"column":0},"end":{"line":263,"column":1}}},"s":{"0":1,"1":1,"2":1,"3":1,"4":1,"5":1,"6":1,"7":1,"8":1,"9":1,"10":1,"11":1,"12":1,"13":1,"14":1,"15":1,"16":1,"17":1,"18":1,"19":1,"20":1,"21":1,"22":1,"23":1,"24":1,"25":1,"26":1,"27":1,"28":1,"29":1,"30":1,"31":5,"32":5,"33":1,"34":1,"35":5,"36":5,"37":1,"38":1,"39":1,"40":1,"41":1,"42":5,"43":336,"44":336,"45":336,"46":5,"47":5,"48":1,"49":1,"50":1,"51":1,"52":1,"53":1,"54":336,"55":336,"56":336,"57":2,"58":2,"59":336,"60":2,"61":2,"62":336,"63":5,"64":5,"65":336,"66":4,"67":4,"68":336,"69":0,"70":0,"71":336,"72":0,"73":0,"74":336,"75":0,"76":0,"77":336,"78":2,"79":2,"80":336,"81":23,"82":23,"83":336,"84":0,"85":0,"86":336,"87":1,"88":1,"89":336,"90":1,"91":1,"92":336,"93":0,"94":0,"95":0,"96":336,"97":13,"98":13,"99":13,"100":336,"101":0,"102":0,"103":336,"104":0,"105":0,"106":336,"107":0,"108":0,"109":0,"110":0,"111":0,"112":0,"113":0,"114":0,"115":0,"116":336,"117":336,"118":336,"119":336,"120":187,"121":336,"122":34,"123":34,"124":336,"125":336,"126":0,"127":0,"128":336,"129":62,"130":13,"131":13,"132":62,"133":49,"134":49,"135":49,"136":0,"137":0,"138":336,"139":336,"140":1,"141":1,"142":175,"143":175,"144":175,"145":1,"146":1,"147":49,"148":77,"149":77,"150":49,"151":49,"152":49,"153":22,"154":49,"155":27,"156":27,"157":49,"158":1,"159":1,"160":124,"161":124,"162":1,"163":1,"164":1,"165":1,"166":1,"167":1,"168":13,"169":0,"170":0,"171":13,"172":0,"173":0,"174":0,"175":0,"176":0,"177":13,"178":13,"179":13,"180":1,"181":1,"182":1,"183":1,"184":1,"185":0,"186":0,"187":0,"188":0,"189":0,"190":0,"191":0,"192":0,"193":0,"194":0,"195":0,"196":0,"197":0,"198":0,"199":0,"200":0,"201":1,"202":1,"203":1,"204":1,"205":1,"206":1,"207":201,"208":201,"209":201,"210":0,"211":0,"212":1,"213":1,"214":1,"215":1,"216":1,"217":1,"218":0,"219":0,"220":0,"221":0,"222":0,"223":1,"224":1,"225":1,"226":1,"227":1,"228":115,"229":115,"230":115,"231":115,"232":115,"233":1,"234":1,"235":1,"236":1,"237":1,"238":1,"239":1,"240":413,"241":413,"242":1,"243":1,"244":1,"245":1,"246":1,"247":1,"248":13,"249":13,"250":1,"251":1,"252":1,"253":12,"254":12,"255":1,"256":1,"257":1,"258":1,"259":1,"260":555,"261":555,"262":1},"branchMap":{"0":{"type":"branch","line":31,"loc":{"start":{"line":31,"column":4},"end":{"line":33,"column":5}},"locations":[{"start":{"line":31,"column":4},"end":{"line":33,"column":5}}]},"1":{"type":"branch","line":35,"loc":{"start":{"line":35,"column":4},"end":{"line":37,"column":5}},"locations":[{"start":{"line":35,"column":4},"end":{"line":37,"column":5}}]},"2":{"type":"branch","line":42,"loc":{"start":{"line":42,"column":4},"end":{"line":48,"column":5}},"locations":[{"start":{"line":42,"column":4},"end":{"line":48,"column":5}}]},"3":{"type":"branch","line":43,"loc":{"start":{"line":43,"column":32},"end":{"line":46,"column":9}},"locations":[{"start":{"line":43,"column":32},"end":{"line":46,"column":9}}]},"4":{"type":"branch","line":54,"loc":{"start":{"line":54,"column":12},"end":{"line":140,"column":5}},"locations":[{"start":{"line":54,"column":12},"end":{"line":140,"column":5}}]},"5":{"type":"branch","line":57,"loc":{"start":{"line":57,"column":12},"end":{"line":59,"column":21}},"locations":[{"start":{"line":57,"column":12},"end":{"line":59,"column":21}}]},"6":{"type":"branch","line":60,"loc":{"start":{"line":60,"column":12},"end":{"line":62,"column":21}},"locations":[{"start":{"line":60,"column":12},"end":{"line":62,"column":21}}]},"7":{"type":"branch","line":63,"loc":{"start":{"line":63,"column":12},"end":{"line":65,"column":21}},"locations":[{"start":{"line":63,"column":12},"end":{"line":65,"column":21}}]},"8":{"type":"branch","line":66,"loc":{"start":{"line":66,"column":12},"end":{"line":68,"column":21}},"locations":[{"start":{"line":66,"column":12},"end":{"line":68,"column":21}}]},"9":{"type":"branch","line":69,"loc":{"start":{"line":69,"column":12},"end":{"line":71,"column":21}},"locations":[{"start":{"line":69,"column":12},"end":{"line":71,"column":21}}]},"10":{"type":"branch","line":72,"loc":{"start":{"line":72,"column":12},"end":{"line":74,"column":21}},"locations":[{"start":{"line":72,"column":12},"end":{"line":74,"column":21}}]},"11":{"type":"branch","line":75,"loc":{"start":{"line":75,"column":12},"end":{"line":77,"column":21}},"locations":[{"start":{"line":75,"column":12},"end":{"line":77,"column":21}}]},"12":{"type":"branch","line":78,"loc":{"start":{"line":78,"column":12},"end":{"line":80,"column":21}},"locations":[{"start":{"line":78,"column":12},"end":{"line":80,"column":21}}]},"13":{"type":"branch","line":81,"loc":{"start":{"line":81,"column":12},"end":{"line":83,"column":21}},"locations":[{"start":{"line":81,"column":12},"end":{"line":83,"column":21}}]},"14":{"type":"branch","line":84,"loc":{"start":{"line":84,"column":12},"end":{"line":86,"column":21}},"locations":[{"start":{"line":84,"column":12},"end":{"line":86,"column":21}}]},"15":{"type":"branch","line":87,"loc":{"start":{"line":87,"column":12},"end":{"line":89,"column":21}},"locations":[{"start":{"line":87,"column":12},"end":{"line":89,"column":21}}]},"16":{"type":"branch","line":90,"loc":{"start":{"line":90,"column":12},"end":{"line":92,"column":21}},"locations":[{"start":{"line":90,"column":12},"end":{"line":92,"column":21}}]},"17":{"type":"branch","line":93,"loc":{"start":{"line":93,"column":12},"end":{"line":96,"column":21}},"locations":[{"start":{"line":93,"column":12},"end":{"line":96,"column":21}}]},"18":{"type":"branch","line":97,"loc":{"start":{"line":97,"column":12},"end":{"line":100,"column":21}},"locations":[{"start":{"line":97,"column":12},"end":{"line":100,"column":21}}]},"19":{"type":"branch","line":99,"loc":{"start":{"line":99,"column":60},"end":{"line":99,"column":83}},"locations":[{"start":{"line":99,"column":60},"end":{"line":99,"column":83}}]},"20":{"type":"branch","line":99,"loc":{"start":{"line":99,"column":84},"end":{"line":99,"column":101}},"locations":[{"start":{"line":99,"column":84},"end":{"line":99,"column":101}}]},"21":{"type":"branch","line":101,"loc":{"start":{"line":101,"column":12},"end":{"line":103,"column":21}},"locations":[{"start":{"line":101,"column":12},"end":{"line":103,"column":21}}]},"22":{"type":"branch","line":104,"loc":{"start":{"line":104,"column":12},"end":{"line":106,"column":21}},"locations":[{"start":{"line":104,"column":12},"end":{"line":106,"column":21}}]},"23":{"type":"branch","line":107,"loc":{"start":{"line":107,"column":12},"end":{"line":116,"column":21}},"locations":[{"start":{"line":107,"column":12},"end":{"line":116,"column":21}}]},"24":{"type":"branch","line":118,"loc":{"start":{"line":118,"column":12},"end":{"line":118,"column":21}},"locations":[{"start":{"line":118,"column":12},"end":{"line":118,"column":21}}]},"25":{"type":"branch","line":119,"loc":{"start":{"line":119,"column":12},"end":{"line":119,"column":22}},"locations":[{"start":{"line":119,"column":12},"end":{"line":119,"column":22}}]},"26":{"type":"branch","line":120,"loc":{"start":{"line":120,"column":12},"end":{"line":121,"column":21}},"locations":[{"start":{"line":120,"column":12},"end":{"line":121,"column":21}}]},"27":{"type":"branch","line":122,"loc":{"start":{"line":122,"column":12},"end":{"line":124,"column":21}},"locations":[{"start":{"line":122,"column":12},"end":{"line":124,"column":21}}]},"28":{"type":"branch","line":126,"loc":{"start":{"line":126,"column":12},"end":{"line":128,"column":21}},"locations":[{"start":{"line":126,"column":12},"end":{"line":128,"column":21}}]},"29":{"type":"branch","line":129,"loc":{"start":{"line":129,"column":12},"end":{"line":138,"column":17}},"locations":[{"start":{"line":129,"column":12},"end":{"line":138,"column":17}}]},"30":{"type":"branch","line":130,"loc":{"start":{"line":130,"column":37},"end":{"line":133,"column":23}},"locations":[{"start":{"line":130,"column":37},"end":{"line":133,"column":23}}]},"31":{"type":"branch","line":133,"loc":{"start":{"line":133,"column":17},"end":{"line":138,"column":17}},"locations":[{"start":{"line":133,"column":17},"end":{"line":138,"column":17}}]},"32":{"type":"branch","line":136,"loc":{"start":{"line":136,"column":17},"end":{"line":138,"column":17}},"locations":[{"start":{"line":136,"column":17},"end":{"line":138,"column":17}}]},"33":{"type":"branch","line":142,"loc":{"start":{"line":142,"column":12},"end":{"line":145,"column":5}},"locations":[{"start":{"line":142,"column":12},"end":{"line":145,"column":5}}]},"34":{"type":"branch","line":144,"loc":{"start":{"line":144,"column":23},"end":{"line":144,"column":35}},"locations":[{"start":{"line":144,"column":23},"end":{"line":144,"column":35}}]},"35":{"type":"branch","line":147,"loc":{"start":{"line":147,"column":12},"end":{"line":158,"column":5}},"locations":[{"start":{"line":147,"column":12},"end":{"line":158,"column":5}}]},"36":{"type":"branch","line":148,"loc":{"start":{"line":148,"column":71},"end":{"line":150,"column":9}},"locations":[{"start":{"line":148,"column":71},"end":{"line":150,"column":9}}]},"37":{"type":"branch","line":153,"loc":{"start":{"line":153,"column":37},"end":{"line":155,"column":15}},"locations":[{"start":{"line":153,"column":37},"end":{"line":155,"column":15}}]},"38":{"type":"branch","line":155,"loc":{"start":{"line":155,"column":9},"end":{"line":157,"column":9}},"locations":[{"start":{"line":155,"column":9},"end":{"line":157,"column":9}}]},"39":{"type":"branch","line":160,"loc":{"start":{"line":160,"column":12},"end":{"line":162,"column":5}},"locations":[{"start":{"line":160,"column":12},"end":{"line":162,"column":5}}]},"40":{"type":"branch","line":161,"loc":{"start":{"line":161,"column":23},"end":{"line":161,"column":35}},"locations":[{"start":{"line":161,"column":23},"end":{"line":161,"column":35}}]},"41":{"type":"branch","line":168,"loc":{"start":{"line":168,"column":12},"end":{"line":180,"column":5}},"locations":[{"start":{"line":168,"column":12},"end":{"line":180,"column":5}}]},"42":{"type":"branch","line":169,"loc":{"start":{"line":169,"column":42},"end":{"line":171,"column":9}},"locations":[{"start":{"line":169,"column":42},"end":{"line":171,"column":9}}]},"43":{"type":"branch","line":172,"loc":{"start":{"line":172,"column":30},"end":{"line":172,"column":63}},"locations":[{"start":{"line":172,"column":30},"end":{"line":172,"column":63}}]},"44":{"type":"branch","line":172,"loc":{"start":{"line":172,"column":65},"end":{"line":177,"column":9}},"locations":[{"start":{"line":172,"column":65},"end":{"line":177,"column":9}}]},"45":{"type":"branch","line":207,"loc":{"start":{"line":207,"column":12},"end":{"line":212,"column":5}},"locations":[{"start":{"line":207,"column":12},"end":{"line":212,"column":5}}]},"46":{"type":"branch","line":211,"loc":{"start":{"line":211,"column":-2},"end":{"line":212,"column":5}},"locations":[{"start":{"line":211,"column":-2},"end":{"line":212,"column":5}}]},"47":{"type":"branch","line":228,"loc":{"start":{"line":228,"column":12},"end":{"line":233,"column":5}},"locations":[{"start":{"line":228,"column":12},"end":{"line":233,"column":5}}]},"48":{"type":"branch","line":231,"loc":{"start":{"line":231,"column":61},"end":{"line":231,"column":70}},"locations":[{"start":{"line":231,"column":61},"end":{"line":231,"column":70}}]},"49":{"type":"branch","line":231,"loc":{"start":{"line":231,"column":71},"end":{"line":231,"column":77}},"locations":[{"start":{"line":231,"column":71},"end":{"line":231,"column":77}}]},"50":{"type":"branch","line":240,"loc":{"start":{"line":240,"column":4},"end":{"line":242,"column":5}},"locations":[{"start":{"line":240,"column":4},"end":{"line":242,"column":5}}]},"51":{"type":"branch","line":248,"loc":{"start":{"line":248,"column":4},"end":{"line":255,"column":5}},"locations":[{"start":{"line":248,"column":4},"end":{"line":255,"column":5}}]},"52":{"type":"branch","line":249,"loc":{"start":{"line":249,"column":28},"end":{"line":249,"column":40}},"locations":[{"start":{"line":249,"column":28},"end":{"line":249,"column":40}}]},"53":{"type":"branch","line":250,"loc":{"start":{"line":250,"column":54},"end":{"line":253,"column":9}},"locations":[{"start":{"line":250,"column":54},"end":{"line":253,"column":9}}]},"54":{"type":"branch","line":254,"loc":{"start":{"line":254,"column":-2},"end":{"line":255,"column":5}},"locations":[{"start":{"line":254,"column":-2},"end":{"line":255,"column":5}}]},"55":{"type":"branch","line":260,"loc":{"start":{"line":260,"column":4},"end":{"line":262,"column":5}},"locations":[{"start":{"line":260,"column":4},"end":{"line":262,"column":5}}]}},"b":{"0":[5],"1":[5],"2":[5],"3":[336],"4":[336],"5":[2],"6":[2],"7":[5],"8":[4],"9":[0],"10":[0],"11":[0],"12":[2],"13":[23],"14":[0],"15":[1],"16":[1],"17":[0],"18":[13],"19":[1],"20":[12],"21":[0],"22":[0],"23":[0],"24":[170],"25":[170],"26":[187],"27":[34],"28":[0],"29":[62],"30":[13],"31":[49],"32":[0],"33":[175],"34":[126],"35":[49],"36":[77],"37":[22],"38":[27],"39":[124],"40":[84],"41":[13],"42":[0],"43":[0],"44":[0],"45":[201],"46":[0],"47":[115],"48":[40],"49":[75],"50":[413],"51":[13],"52":[0],"53":[1],"54":[12],"55":[555]},"fnMap":{"0":{"name":"Tokenizer","decl":{"start":{"line":31,"column":4},"end":{"line":33,"column":5}},"loc":{"start":{"line":31,"column":4},"end":{"line":33,"column":5}},"line":31},"1":{"name":"get Tokens","decl":{"start":{"line":35,"column":4},"end":{"line":37,"column":5}},"loc":{"start":{"line":35,"column":4},"end":{"line":37,"column":5}},"line":35},"2":{"name":"scanTokens","decl":{"start":{"line":42,"column":4},"end":{"line":48,"column":5}},"loc":{"start":{"line":42,"column":4},"end":{"line":48,"column":5}},"line":42},"3":{"name":"scanToken","decl":{"start":{"line":54,"column":12},"end":{"line":140,"column":5}},"loc":{"start":{"line":54,"column":12},"end":{"line":140,"column":5}},"line":54},"4":{"name":"isAlpha","decl":{"start":{"line":142,"column":12},"end":{"line":145,"column":5}},"loc":{"start":{"line":142,"column":12},"end":{"line":145,"column":5}},"line":142},"5":{"name":"scanIdentifier","decl":{"start":{"line":147,"column":12},"end":{"line":158,"column":5}},"loc":{"start":{"line":147,"column":12},"end":{"line":158,"column":5}},"line":147},"6":{"name":"isDigit","decl":{"start":{"line":160,"column":12},"end":{"line":162,"column":5}},"loc":{"start":{"line":160,"column":12},"end":{"line":162,"column":5}},"line":160},"7":{"name":"scanNumber","decl":{"start":{"line":168,"column":12},"end":{"line":180,"column":5}},"loc":{"start":{"line":168,"column":12},"end":{"line":180,"column":5}},"line":168},"8":{"name":"scanString","decl":{"start":{"line":185,"column":12},"end":{"line":201,"column":5}},"loc":{"start":{"line":185,"column":12},"end":{"line":201,"column":5}},"line":185},"9":{"name":"peek","decl":{"start":{"line":207,"column":12},"end":{"line":212,"column":5}},"loc":{"start":{"line":207,"column":12},"end":{"line":212,"column":5}},"line":207},"10":{"name":"peekNext","decl":{"start":{"line":218,"column":12},"end":{"line":223,"column":5}},"loc":{"start":{"line":218,"column":12},"end":{"line":223,"column":5}},"line":218},"11":{"name":"addToken","decl":{"start":{"line":228,"column":12},"end":{"line":233,"column":5}},"loc":{"start":{"line":228,"column":12},"end":{"line":233,"column":5}},"line":228},"12":{"name":"advance","decl":{"start":{"line":240,"column":4},"end":{"line":242,"column":5}},"loc":{"start":{"line":240,"column":4},"end":{"line":242,"column":5}},"line":240},"13":{"name":"advanceIfNextEquals","decl":{"start":{"line":248,"column":4},"end":{"line":255,"column":5}},"loc":{"start":{"line":248,"column":4},"end":{"line":255,"column":5}},"line":248},"14":{"name":"isAtEnd","decl":{"start":{"line":260,"column":4},"end":{"line":262,"column":5}},"loc":{"start":{"line":260,"column":4},"end":{"line":262,"column":5}},"line":260}},"f":{"0":5,"1":5,"2":5,"3":336,"4":175,"5":49,"6":124,"7":13,"8":0,"9":201,"10":0,"11":115,"12":413,"13":13,"14":555}}
}
