TN:
SF:src\error\LoxError.ts
FN:9,LoxError
FN:44,RuntimeError
FNF:2
FNH:1
FNDA:5,LoxError
FNDA:0,RuntimeError
DA:1,1
DA:2,1
DA:3,1
DA:4,1
DA:5,1
DA:6,1
DA:7,1
DA:8,1
DA:9,1
DA:10,5
DA:11,5
DA:12,0
DA:13,0
DA:14,0
DA:15,0
DA:16,5
DA:17,5
DA:18,5
DA:19,5
DA:20,5
DA:21,5
DA:22,0
DA:23,0
DA:24,0
DA:25,0
DA:26,5
DA:27,0
DA:28,0
DA:29,0
DA:30,0
DA:31,5
DA:32,0
DA:33,0
DA:34,0
DA:35,0
DA:36,5
DA:37,0
DA:38,0
DA:39,0
DA:40,5
DA:41,5
DA:42,1
DA:43,1
DA:44,0
DA:45,0
DA:46,0
DA:47,1
DA:48,1
LF:48
LH:26
BRDA:9,0,0,5
BRDA:11,1,0,0
BRDA:17,2,0,0
BRDA:21,3,0,0
BRDA:26,4,0,0
BRDA:31,5,0,0
BRDA:36,6,0,0
BRF:7
BRH:1
end_of_record
TN:
SF:src\expression\index.ts
FN:10,Expr
FN:36,Binary
FN:43,accept
FN:54,Ternary
FN:61,accept
FN:71,Unary
FN:77,accept
FN:86,Grouping
FN:91,accept
FN:100,Literal
FN:105,accept
FN:116,Logical
FN:123,accept
FN:134,CallExpr
FN:141,accept
FN:150,variable
FN:154,accept
FN:164,Assignment
FN:170,accept
FNF:19
FNH:7
FNDA:39,Expr
FNDA:2,Binary
FNDA:0,accept
FNDA:1,Ternary
FNDA:0,accept
FNDA:0,Unary
FNDA:0,accept
FNDA:0,Grouping
FNDA:0,accept
FNDA:13,Literal
FNDA:0,accept
FNDA:0,Logical
FNDA:0,accept
FNDA:1,CallExpr
FNDA:0,accept
FNDA:18,variable
FNDA:0,accept
FNDA:4,Assignment
FNDA:0,accept
DA:1,1
DA:2,1
DA:3,1
DA:4,1
DA:5,1
DA:6,1
DA:7,1
DA:8,1
DA:9,1
DA:10,1
DA:11,39
DA:12,39
DA:13,39
DA:14,1
DA:15,1
DA:16,1
DA:17,1
DA:18,1
DA:19,1
DA:20,1
DA:21,1
DA:22,1
DA:23,1
DA:24,1
DA:25,1
DA:26,1
DA:27,1
DA:28,1
DA:29,1
DA:30,1
DA:31,1
DA:32,1
DA:33,1
DA:34,1
DA:35,1
DA:36,1
DA:37,2
DA:38,2
DA:39,2
DA:40,2
DA:41,2
DA:42,1
DA:43,1
DA:44,0
DA:45,0
DA:46,1
DA:47,1
DA:48,1
DA:49,1
DA:50,1
DA:51,1
DA:52,1
DA:53,1
DA:54,1
DA:55,1
DA:56,1
DA:57,1
DA:58,1
DA:59,1
DA:60,1
DA:61,1
DA:62,0
DA:63,0
DA:64,1
DA:65,1
DA:66,1
DA:67,1
DA:68,1
DA:69,1
DA:70,1
DA:71,1
DA:72,0
DA:73,0
DA:74,0
DA:75,0
DA:76,1
DA:77,1
DA:78,0
DA:79,0
DA:80,1
DA:81,1
DA:82,1
DA:83,1
DA:84,1
DA:85,1
DA:86,1
DA:87,0
DA:88,0
DA:89,0
DA:90,1
DA:91,1
DA:92,0
DA:93,0
DA:94,1
DA:95,1
DA:96,1
DA:97,1
DA:98,1
DA:99,1
DA:100,1
DA:101,13
DA:102,13
DA:103,13
DA:104,1
DA:105,1
DA:106,0
DA:107,0
DA:108,1
DA:109,1
DA:110,1
DA:111,1
DA:112,1
DA:113,1
DA:114,1
DA:115,1
DA:116,1
DA:117,0
DA:118,0
DA:119,0
DA:120,0
DA:121,0
DA:122,1
DA:123,1
DA:124,0
DA:125,0
DA:126,1
DA:127,1
DA:128,1
DA:129,1
DA:130,1
DA:131,1
DA:132,1
DA:133,1
DA:134,1
DA:135,1
DA:136,1
DA:137,1
DA:138,1
DA:139,1
DA:140,1
DA:141,1
DA:142,0
DA:143,0
DA:144,1
DA:145,1
DA:146,1
DA:147,1
DA:148,1
DA:149,1
DA:150,1
DA:151,18
DA:152,18
DA:153,18
DA:154,1
DA:155,0
DA:156,0
DA:157,1
DA:158,1
DA:159,1
DA:160,1
DA:161,1
DA:162,1
DA:163,1
DA:164,1
DA:165,4
DA:166,4
DA:167,4
DA:168,4
DA:169,1
DA:170,1
DA:171,0
DA:172,0
DA:173,1
LF:173
LH:143
BRDA:10,0,0,39
BRDA:36,1,0,2
BRDA:54,2,0,1
BRDA:100,3,0,13
BRDA:134,4,0,1
BRDA:150,5,0,18
BRDA:164,6,0,4
BRF:7
BRH:7
end_of_record
TN:
SF:src\parser\index.ts
FN:26,Parser
FN:30,parse
FN:48,expression
FN:60,declaration
FN:70,statement
FN:84,funcDeclaration
FN:105,returnStmt
FN:116,varDeclaration
FN:130,whileLoop
FN:142,forLoop
FN:183,blockStatement
FN:189,block
FN:201,ifStatement
FN:216,printStatement
FN:227,expressionStatement
FN:233,assignment
FN:252,or
FN:265,and
FN:279,ternary
FN:297,equality
FN:308,comparision
FN:319,term
FN:331,factor
FN:343,unary
FN:353,call
FN:361,parseCall
FN:377,primary
FN:402,currentLexeme
FN:406,line
FN:414,match
FN:428,check
FN:437,advance
FN:445,previous
FN:453,consume
FN:462,peek
FN:469,isAtEnd
FN:473,synchronize
FNF:37
FNH:32
FNDA:5,Parser
FNDA:5,parse
FNDA:23,expression
FNDA:30,declaration
FNDA:20,statement
FNDA:1,funcDeclaration
FNDA:0,returnStmt
FNDA:9,varDeclaration
FNDA:0,whileLoop
FNDA:0,forLoop
FNDA:4,blockStatement
FNDA:5,block
FNDA:0,ifStatement
FNDA:10,printStatement
FNDA:6,expressionStatement
FNDA:28,assignment
FNDA:28,or
FNDA:28,and
FNDA:28,ternary
FNDA:30,equality
FNDA:31,comparision
FNDA:31,term
FNDA:32,factor
FNDA:32,unary
FNDA:32,call
FNDA:1,parseCall
FNDA:32,primary
FNDA:1,currentLexeme
FNDA:0,line
FNDA:634,match
FNDA:931,check
FNDA:115,advance
FNDA:166,previous
FNDA:41,consume
FNDA:2058,peek
FNDA:1090,isAtEnd
FNDA:5,synchronize
DA:1,1
DA:2,1
DA:3,1
DA:4,1
DA:5,1
DA:6,1
DA:7,1
DA:8,1
DA:9,1
DA:10,1
DA:11,1
DA:12,1
DA:13,1
DA:14,1
DA:15,1
DA:16,1
DA:17,1
DA:18,1
DA:19,1
DA:20,1
DA:21,1
DA:22,1
DA:23,1
DA:24,1
DA:25,1
DA:26,1
DA:27,5
DA:28,5
DA:29,1
DA:30,1
DA:31,5
DA:32,5
DA:33,13
DA:34,13
DA:35,13
DA:36,5
DA:37,5
DA:38,5
DA:39,5
DA:40,5
DA:41,5
DA:42,5
DA:43,13
DA:44,5
DA:45,4
DA:46,4
DA:47,1
DA:48,1
DA:49,23
DA:50,23
DA:51,1
DA:52,1
DA:53,1
DA:54,1
DA:55,1
DA:56,1
DA:57,1
DA:58,1
DA:59,1
DA:60,1
DA:61,30
DA:62,30
DA:63,20
DA:64,20
DA:65,1
DA:66,1
DA:67,1
DA:68,1
DA:69,1
DA:70,1
DA:71,20
DA:72,20
DA:73,20
DA:74,20
DA:75,20
DA:76,20
DA:77,6
DA:78,6
DA:79,1
DA:80,1
DA:81,1
DA:82,1
DA:83,1
DA:84,1
DA:85,1
DA:86,1
DA:87,1
DA:88,1
DA:89,1
DA:90,0
DA:91,0
DA:92,0
DA:93,0
DA:94,0
DA:95,0
DA:96,0
DA:97,1
DA:98,1
DA:99,1
DA:100,1
DA:101,1
DA:102,1
DA:103,1
DA:104,1
DA:105,1
DA:106,0
DA:107,0
DA:108,0
DA:109,0
DA:110,0
DA:111,0
DA:112,0
DA:113,0
DA:114,0
DA:115,1
DA:116,1
DA:117,9
DA:118,9
DA:119,9
DA:120,9
DA:121,7
DA:122,7
DA:123,7
DA:124,7
DA:125,7
DA:126,1
DA:127,1
DA:128,1
DA:129,1
DA:130,1
DA:131,0
DA:132,0
DA:133,0
DA:134,0
DA:135,0
DA:136,0
DA:137,0
DA:138,1
DA:139,1
DA:140,1
DA:141,1
DA:142,1
DA:143,0
DA:144,0
DA:145,0
DA:146,0
DA:147,0
DA:148,0
DA:149,0
DA:150,0
DA:151,0
DA:152,0
DA:153,0
DA:154,0
DA:155,0
DA:156,0
DA:157,0
DA:158,0
DA:159,0
DA:160,0
DA:161,0
DA:162,0
DA:163,0
DA:164,0
DA:165,0
DA:166,0
DA:167,0
DA:168,0
DA:169,0
DA:170,0
DA:171,0
DA:172,0
DA:173,0
DA:174,0
DA:175,0
DA:176,0
DA:177,0
DA:178,0
DA:179,1
DA:180,1
DA:181,1
DA:182,1
DA:183,1
DA:184,4
DA:185,4
DA:186,4
DA:187,4
DA:188,1
DA:189,1
DA:190,5
DA:191,5
DA:192,17
DA:193,17
DA:194,5
DA:195,5
DA:196,5
DA:197,1
DA:198,1
DA:199,1
DA:200,1
DA:201,1
DA:202,0
DA:203,0
DA:204,0
DA:205,0
DA:206,0
DA:207,0
DA:208,0
DA:209,0
DA:210,0
DA:211,1
DA:212,1
DA:213,1
DA:214,1
DA:215,1
DA:216,1
DA:217,10
DA:218,10
DA:219,10
DA:220,10
DA:221,10
DA:222,1
DA:223,1
DA:224,1
DA:225,1
DA:226,1
DA:227,1
DA:228,6
DA:229,6
DA:230,6
DA:231,6
DA:232,1
DA:233,1
DA:234,28
DA:235,28
DA:236,28
DA:237,5
DA:238,5
DA:239,5
DA:240,5
DA:241,4
DA:242,4
DA:243,1
DA:244,1
DA:245,1
DA:246,22
DA:247,22
DA:248,1
DA:249,1
DA:250,1
DA:251,1
DA:252,1
DA:253,28
DA:254,28
DA:255,0
DA:256,0
DA:257,0
DA:258,0
DA:259,27
DA:260,27
DA:261,1
DA:262,1
DA:263,1
DA:264,1
DA:265,1
DA:266,28
DA:267,28
DA:268,0
DA:269,0
DA:270,0
DA:271,0
DA:272,27
DA:273,27
DA:274,1
DA:275,1
DA:276,1
DA:277,1
DA:278,1
DA:279,1
DA:280,28
DA:281,28
DA:282,28
DA:283,28
DA:284,1
DA:285,1
DA:286,1
DA:287,1
DA:288,1
DA:289,1
DA:290,26
DA:291,26
DA:292,1
DA:293,1
DA:294,1
DA:295,1
DA:296,1
DA:297,1
DA:298,30
DA:299,30
DA:300,30
DA:301,1
DA:302,1
DA:303,1
DA:304,1
DA:305,29
DA:306,29
DA:307,1
DA:308,1
DA:309,31
DA:310,31
DA:311,31
DA:312,0
DA:313,0
DA:314,0
DA:315,0
DA:316,30
DA:317,30
DA:318,1
DA:319,1
DA:320,31
DA:321,31
DA:322,31
DA:323,1
DA:324,1
DA:325,1
DA:326,1
DA:327,30
DA:328,30
DA:329,30
DA:330,1
DA:331,1
DA:332,32
DA:333,32
DA:334,32
DA:335,0
DA:336,0
DA:337,0
DA:338,0
DA:339,31
DA:340,31
DA:341,31
DA:342,1
DA:343,1
DA:344,32
DA:345,0
DA:346,0
DA:347,0
DA:348,0
DA:349,32
DA:350,32
DA:351,32
DA:352,1
DA:353,1
DA:354,32
DA:355,32
DA:356,1
DA:357,1
DA:358,31
DA:359,31
DA:360,1
DA:361,1
DA:362,1
DA:363,1
DA:364,1
DA:365,0
DA:366,0
DA:367,1
DA:368,0
DA:369,0
DA:370,0
DA:371,1
DA:372,1
DA:373,1
DA:374,1
DA:375,1
DA:376,1
DA:377,1
DA:378,32
DA:379,32
DA:380,32
DA:381,32
DA:382,32
DA:383,32
DA:384,32
DA:385,30
DA:386,32
DA:387,11
DA:388,11
DA:389,19
DA:390,32
DA:391,0
DA:392,0
DA:393,0
DA:394,0
DA:395,19
DA:396,32
DA:397,18
DA:398,18
DA:399,1
DA:400,1
DA:401,1
DA:402,1
DA:403,1
DA:404,1
DA:405,1
DA:406,1
DA:407,0
DA:408,0
DA:409,1
DA:410,1
DA:411,1
DA:412,1
DA:413,1
DA:414,1
DA:415,634
DA:416,866
DA:417,72
DA:418,72
DA:419,72
DA:420,866
DA:421,562
DA:422,562
DA:423,1
DA:424,1
DA:425,1
DA:426,1
DA:427,1
DA:428,1
DA:429,931
DA:430,929
DA:431,929
DA:432,1
DA:433,1
DA:434,1
DA:435,1
DA:436,1
DA:437,1
DA:438,115
DA:439,115
DA:440,115
DA:441,1
DA:442,1
DA:443,1
DA:444,1
DA:445,1
DA:446,166
DA:447,166
DA:448,1
DA:449,1
DA:450,1
DA:451,1
DA:452,1
DA:453,1
DA:454,41
DA:455,3
DA:456,3
DA:457,1
DA:458,1
DA:459,1
DA:460,1
DA:461,1
DA:462,1
DA:463,2058
DA:464,2058
DA:465,1
DA:466,1
DA:467,1
DA:468,1
DA:469,1
DA:470,1090
DA:471,1090
DA:472,1
DA:473,1
DA:474,5
DA:475,5
DA:476,5
DA:477,7
DA:478,7
DA:479,2
DA:480,2
DA:481,7
DA:482,7
DA:483,7
DA:484,7
DA:485,7
DA:486,7
DA:487,7
DA:488,2
DA:489,7
DA:490,3
DA:491,3
DA:492,5
DA:493,1
LF:493
LH:394
BRDA:26,0,0,5
BRDA:30,1,0,5
BRDA:32,2,0,13
BRDA:35,3,0,5
BRDA:41,4,0,0
BRDA:44,5,0,1
BRDA:45,6,0,4
BRDA:48,7,0,23
BRDA:60,8,0,30
BRDA:61,9,0,1
BRDA:62,10,0,29
BRDA:62,11,0,9
BRDA:63,12,0,20
BRDA:70,13,0,20
BRDA:71,14,0,0
BRDA:72,15,0,0
BRDA:73,16,0,0
BRDA:74,17,0,0
BRDA:75,18,0,10
BRDA:76,19,0,4
BRDA:77,20,0,6
BRDA:84,21,0,1
BRDA:89,22,0,0
BRDA:116,23,0,9
BRDA:120,24,0,7
BRDA:183,25,0,4
BRDA:189,26,0,5
BRDA:191,27,0,18
BRDA:191,28,0,17
BRDA:216,29,0,10
BRDA:227,30,0,6
BRDA:233,31,0,28
BRDA:236,32,0,5
BRDA:240,33,0,4
BRDA:243,34,0,1
BRDA:246,35,0,22
BRDA:252,36,0,28
BRDA:254,37,0,0
BRDA:259,38,0,27
BRDA:265,39,0,28
BRDA:267,40,0,0
BRDA:272,41,0,27
BRDA:279,42,0,28
BRDA:283,43,0,1
BRDA:286,44,0,0
BRDA:290,45,0,26
BRDA:297,46,0,30
BRDA:300,47,0,1
BRDA:305,48,0,29
BRDA:308,49,0,31
BRDA:311,50,0,0
BRDA:316,51,0,30
BRDA:319,52,0,31
BRDA:322,53,0,1
BRDA:327,54,0,30
BRDA:331,55,0,32
BRDA:334,56,0,0
BRDA:339,57,0,31
BRDA:343,58,0,32
BRDA:344,59,0,0
BRDA:353,60,0,32
BRDA:355,61,0,1
BRDA:358,62,0,31
BRDA:361,63,0,1
BRDA:364,64,0,0
BRDA:367,65,0,0
BRDA:377,66,0,32
BRDA:382,67,0,1
BRDA:383,68,0,31
BRDA:383,69,0,1
BRDA:384,70,0,30
BRDA:384,71,0,0
BRDA:385,72,0,30
BRDA:386,73,0,11
BRDA:389,74,0,19
BRDA:390,75,0,0
BRDA:395,76,0,19
BRDA:396,77,0,18
BRDA:399,78,0,1
BRDA:402,79,0,1
BRDA:414,80,0,634
BRDA:415,81,0,866
BRDA:416,82,0,72
BRDA:421,83,0,562
BRDA:428,84,0,931
BRDA:429,85,0,2
BRDA:430,86,0,929
BRDA:437,87,0,115
BRDA:445,88,0,166
BRDA:453,89,0,41
BRDA:454,90,0,38
BRDA:455,91,0,3
BRDA:462,92,0,2058
BRDA:469,93,0,1090
BRDA:473,94,0,5
BRDA:476,95,0,7
BRDA:478,96,0,2
BRDA:481,97,0,0
BRDA:482,98,0,2
BRDA:483,99,0,2
BRDA:484,100,0,2
BRDA:485,101,0,2
BRDA:486,102,0,2
BRDA:487,103,0,2
BRDA:490,104,0,3
BRF:105
BRH:88
end_of_record
TN:
SF:src\statement\index.ts
FN:22,Stmt
FN:33,WhileStmt
FN:39,accept
FN:50,FunctionStmt
FN:57,accept
FN:70,ReturnStmt
FN:76,accept
FN:85,ExpressionStmt
FN:90,accept
FN:101,IfStmt
FN:108,accept
FN:117,PrintStmt
FN:122,accept
FN:132,VarStmt
FN:138,accept
FN:147,BlockStmt
FN:152,accept
FNF:17
FNH:6
FNDA:25,Stmt
FNDA:0,WhileStmt
FNDA:0,accept
FNDA:1,FunctionStmt
FNDA:0,accept
FNDA:0,ReturnStmt
FNDA:0,accept
FNDA:5,ExpressionStmt
FNDA:0,accept
FNDA:0,IfStmt
FNDA:0,accept
FNDA:10,PrintStmt
FNDA:0,accept
FNDA:6,VarStmt
FNDA:0,accept
FNDA:3,BlockStmt
FNDA:0,accept
DA:1,1
DA:2,1
DA:3,1
DA:4,1
DA:5,1
DA:6,1
DA:7,1
DA:8,1
DA:9,1
DA:10,1
DA:11,1
DA:12,1
DA:13,1
DA:14,1
DA:15,1
DA:16,1
DA:17,1
DA:18,1
DA:19,1
DA:20,1
DA:21,1
DA:22,1
DA:23,25
DA:24,25
DA:25,25
DA:26,1
DA:27,1
DA:28,1
DA:29,1
DA:30,1
DA:31,1
DA:32,1
DA:33,1
DA:34,0
DA:35,0
DA:36,0
DA:37,0
DA:38,1
DA:39,1
DA:40,0
DA:41,0
DA:42,1
DA:43,1
DA:44,1
DA:45,1
DA:46,1
DA:47,1
DA:48,1
DA:49,1
DA:50,1
DA:51,1
DA:52,1
DA:53,1
DA:54,1
DA:55,1
DA:56,1
DA:57,1
DA:58,0
DA:59,0
DA:60,1
DA:61,1
DA:62,1
DA:63,1
DA:64,1
DA:65,1
DA:66,1
DA:67,1
DA:68,1
DA:69,1
DA:70,1
DA:71,0
DA:72,0
DA:73,0
DA:74,0
DA:75,1
DA:76,1
DA:77,0
DA:78,0
DA:79,1
DA:80,1
DA:81,1
DA:82,1
DA:83,1
DA:84,1
DA:85,1
DA:86,5
DA:87,5
DA:88,5
DA:89,1
DA:90,1
DA:91,0
DA:92,0
DA:93,1
DA:94,1
DA:95,1
DA:96,1
DA:97,1
DA:98,1
DA:99,1
DA:100,1
DA:101,1
DA:102,0
DA:103,0
DA:104,0
DA:105,0
DA:106,0
DA:107,1
DA:108,1
DA:109,0
DA:110,0
DA:111,1
DA:112,1
DA:113,1
DA:114,1
DA:115,1
DA:116,1
DA:117,1
DA:118,10
DA:119,10
DA:120,10
DA:121,1
DA:122,1
DA:123,0
DA:124,0
DA:125,1
DA:126,1
DA:127,1
DA:128,1
DA:129,1
DA:130,1
DA:131,1
DA:132,1
DA:133,6
DA:134,6
DA:135,6
DA:136,6
DA:137,1
DA:138,1
DA:139,0
DA:140,0
DA:141,1
DA:142,1
DA:143,1
DA:144,1
DA:145,1
DA:146,1
DA:147,1
DA:148,3
DA:149,3
DA:150,3
DA:151,1
DA:152,1
DA:153,0
DA:154,0
DA:155,1
LF:155
LH:126
BRDA:22,0,0,25
BRDA:50,1,0,1
BRDA:85,2,0,5
BRDA:117,3,0,10
BRDA:132,4,0,6
BRDA:147,5,0,3
BRF:6
BRH:6
end_of_record
TN:
SF:src\tokenizer\Token.ts
FN:11,Token
FN:20,toString
FNF:2
FNH:1
FNDA:120,Token
FNDA:0,toString
DA:1,1
DA:2,1
DA:3,1
DA:4,1
DA:5,1
DA:6,1
DA:7,1
DA:8,1
DA:9,1
DA:10,1
DA:11,1
DA:12,120
DA:13,120
DA:14,120
DA:15,120
DA:16,120
DA:17,120
DA:18,120
DA:19,1
DA:20,1
DA:21,0
DA:22,0
DA:23,1
DA:24,1
DA:25,1
LF:25
LH:23
BRDA:11,0,0,120
BRF:1
BRH:1
end_of_record
TN:
SF:src\tokenizer\TokenType.ts
FNF:0
FNH:0
DA:1,4
DA:2,4
DA:3,4
DA:4,4
DA:5,4
DA:6,4
DA:7,4
DA:8,4
DA:9,4
DA:10,4
DA:11,4
DA:12,4
DA:13,4
DA:14,4
DA:15,4
DA:16,4
DA:17,4
DA:18,4
DA:19,4
DA:20,4
DA:21,4
DA:22,4
DA:23,4
DA:24,4
DA:25,4
DA:26,4
DA:27,4
DA:28,4
DA:29,4
DA:30,4
DA:31,4
DA:32,4
DA:33,4
DA:34,4
DA:35,4
DA:36,4
DA:37,4
DA:38,4
DA:39,4
DA:40,4
DA:41,4
DA:42,4
DA:43,4
DA:44,4
DA:45,4
DA:46,4
DA:47,4
DA:48,4
DA:49,4
DA:50,4
DA:51,1
DA:52,1
LF:52
LH:52
BRDA:1,0,0,4
BRF:1
BRH:1
end_of_record
TN:
SF:src\tokenizer\tokenizer.ts
FN:31,Tokenizer
FN:35,get Tokens
FN:42,scanTokens
FN:54,scanToken
FN:142,isAlpha
FN:147,scanIdentifier
FN:160,isDigit
FN:168,scanNumber
FN:185,scanString
FN:207,peek
FN:218,peekNext
FN:228,addToken
FN:240,advance
FN:248,advanceIfNextEquals
FN:260,isAtEnd
FNF:15
FNH:13
FNDA:5,Tokenizer
FNDA:5,get Tokens
FNDA:5,scanTokens
FNDA:336,scanToken
FNDA:175,isAlpha
FNDA:49,scanIdentifier
FNDA:124,isDigit
FNDA:13,scanNumber
FNDA:0,scanString
FNDA:201,peek
FNDA:0,peekNext
FNDA:115,addToken
FNDA:413,advance
FNDA:13,advanceIfNextEquals
FNDA:555,isAtEnd
DA:1,1
DA:2,1
DA:3,1
DA:4,1
DA:5,1
DA:6,1
DA:7,1
DA:8,1
DA:9,1
DA:10,1
DA:11,1
DA:12,1
DA:13,1
DA:14,1
DA:15,1
DA:16,1
DA:17,1
DA:18,1
DA:19,1
DA:20,1
DA:21,1
DA:22,1
DA:23,1
DA:24,1
DA:25,1
DA:26,1
DA:27,1
DA:28,1
DA:29,1
DA:30,1
DA:31,1
DA:32,5
DA:33,5
DA:34,1
DA:35,1
DA:36,5
DA:37,5
DA:38,1
DA:39,1
DA:40,1
DA:41,1
DA:42,1
DA:43,5
DA:44,336
DA:45,336
DA:46,336
DA:47,5
DA:48,5
DA:49,1
DA:50,1
DA:51,1
DA:52,1
DA:53,1
DA:54,1
DA:55,336
DA:56,336
DA:57,336
DA:58,2
DA:59,2
DA:60,336
DA:61,2
DA:62,2
DA:63,336
DA:64,5
DA:65,5
DA:66,336
DA:67,4
DA:68,4
DA:69,336
DA:70,0
DA:71,0
DA:72,336
DA:73,0
DA:74,0
DA:75,336
DA:76,0
DA:77,0
DA:78,336
DA:79,2
DA:80,2
DA:81,336
DA:82,23
DA:83,23
DA:84,336
DA:85,0
DA:86,0
DA:87,336
DA:88,1
DA:89,1
DA:90,336
DA:91,1
DA:92,1
DA:93,336
DA:94,0
DA:95,0
DA:96,0
DA:97,336
DA:98,13
DA:99,13
DA:100,13
DA:101,336
DA:102,0
DA:103,0
DA:104,336
DA:105,0
DA:106,0
DA:107,336
DA:108,0
DA:109,0
DA:110,0
DA:111,0
DA:112,0
DA:113,0
DA:114,0
DA:115,0
DA:116,0
DA:117,336
DA:118,336
DA:119,336
DA:120,336
DA:121,187
DA:122,336
DA:123,34
DA:124,34
DA:125,336
DA:126,336
DA:127,0
DA:128,0
DA:129,336
DA:130,62
DA:131,13
DA:132,13
DA:133,62
DA:134,49
DA:135,49
DA:136,49
DA:137,0
DA:138,0
DA:139,336
DA:140,336
DA:141,1
DA:142,1
DA:143,175
DA:144,175
DA:145,175
DA:146,1
DA:147,1
DA:148,49
DA:149,77
DA:150,77
DA:151,49
DA:152,49
DA:153,49
DA:154,22
DA:155,49
DA:156,27
DA:157,27
DA:158,49
DA:159,1
DA:160,1
DA:161,124
DA:162,124
DA:163,1
DA:164,1
DA:165,1
DA:166,1
DA:167,1
DA:168,1
DA:169,13
DA:170,0
DA:171,0
DA:172,13
DA:173,0
DA:174,0
DA:175,0
DA:176,0
DA:177,0
DA:178,13
DA:179,13
DA:180,13
DA:181,1
DA:182,1
DA:183,1
DA:184,1
DA:185,1
DA:186,0
DA:187,0
DA:188,0
DA:189,0
DA:190,0
DA:191,0
DA:192,0
DA:193,0
DA:194,0
DA:195,0
DA:196,0
DA:197,0
DA:198,0
DA:199,0
DA:200,0
DA:201,0
DA:202,1
DA:203,1
DA:204,1
DA:205,1
DA:206,1
DA:207,1
DA:208,201
DA:209,201
DA:210,201
DA:211,0
DA:212,0
DA:213,1
DA:214,1
DA:215,1
DA:216,1
DA:217,1
DA:218,1
DA:219,0
DA:220,0
DA:221,0
DA:222,0
DA:223,0
DA:224,1
DA:225,1
DA:226,1
DA:227,1
DA:228,1
DA:229,115
DA:230,115
DA:231,115
DA:232,115
DA:233,115
DA:234,1
DA:235,1
DA:236,1
DA:237,1
DA:238,1
DA:239,1
DA:240,1
DA:241,413
DA:242,413
DA:243,1
DA:244,1
DA:245,1
DA:246,1
DA:247,1
DA:248,1
DA:249,13
DA:250,13
DA:251,1
DA:252,1
DA:253,1
DA:254,12
DA:255,12
DA:256,1
DA:257,1
DA:258,1
DA:259,1
DA:260,1
DA:261,555
DA:262,555
DA:263,1
LF:263
LH:205
BRDA:31,0,0,5
BRDA:35,1,0,5
BRDA:42,2,0,5
BRDA:43,3,0,336
BRDA:54,4,0,336
BRDA:57,5,0,2
BRDA:60,6,0,2
BRDA:63,7,0,5
BRDA:66,8,0,4
BRDA:69,9,0,0
BRDA:72,10,0,0
BRDA:75,11,0,0
BRDA:78,12,0,2
BRDA:81,13,0,23
BRDA:84,14,0,0
BRDA:87,15,0,1
BRDA:90,16,0,1
BRDA:93,17,0,0
BRDA:97,18,0,13
BRDA:99,19,0,1
BRDA:99,20,0,12
BRDA:101,21,0,0
BRDA:104,22,0,0
BRDA:107,23,0,0
BRDA:118,24,0,170
BRDA:119,25,0,170
BRDA:120,26,0,187
BRDA:122,27,0,34
BRDA:126,28,0,0
BRDA:129,29,0,62
BRDA:130,30,0,13
BRDA:133,31,0,49
BRDA:136,32,0,0
BRDA:142,33,0,175
BRDA:144,34,0,126
BRDA:147,35,0,49
BRDA:148,36,0,77
BRDA:153,37,0,22
BRDA:155,38,0,27
BRDA:160,39,0,124
BRDA:161,40,0,84
BRDA:168,41,0,13
BRDA:169,42,0,0
BRDA:172,43,0,0
BRDA:172,44,0,0
BRDA:207,45,0,201
BRDA:211,46,0,0
BRDA:228,47,0,115
BRDA:231,48,0,40
BRDA:231,49,0,75
BRDA:240,50,0,413
BRDA:248,51,0,13
BRDA:249,52,0,0
BRDA:250,53,0,1
BRDA:254,54,0,12
BRDA:260,55,0,555
BRF:56
BRH:41
end_of_record
